\BOOKMARK [0][-]{chapter.1}{\376\377\0001\000\040\000N\000a\000m\000e\000s\000p\000a\000c\000e\000s}{}% 1
\BOOKMARK [1][-]{section.1.1}{\376\377\0001\000.\0001\000\040\000L\000i\000s\000t\000a\000\040\000d\000e\000\040\000N\000a\000m\000e\000s\000p\000a\000c\000e\000s}{chapter.1}% 2
\BOOKMARK [0][-]{chapter.2}{\376\377\0002\000\040\000\315\000n\000d\000i\000c\000e\000\040\000H\000i\000e\000r\000\341\000r\000q\000u\000i\000c\000o}{}% 3
\BOOKMARK [1][-]{section.2.1}{\376\377\0002\000.\0001\000\040\000H\000i\000e\000r\000a\000r\000q\000u\000i\000a\000\040\000d\000e\000\040\000C\000l\000a\000s\000s\000e\000s}{chapter.2}% 4
\BOOKMARK [0][-]{chapter.3}{\376\377\0003\000\040\000\315\000n\000d\000i\000c\000e\000\040\000d\000a\000s\000\040\000E\000s\000t\000r\000u\000t\000u\000r\000a\000s\000\040\000d\000e\000\040\000D\000a\000d\000o\000s}{}% 5
\BOOKMARK [1][-]{section.3.1}{\376\377\0003\000.\0001\000\040\000E\000s\000t\000r\000u\000t\000u\000r\000a\000s\000\040\000d\000e\000\040\000D\000a\000d\000o\000s}{chapter.3}% 6
\BOOKMARK [0][-]{chapter.4}{\376\377\0004\000\040\000N\000a\000m\000e\000s\000p\000a\000c\000e\000s}{}% 7
\BOOKMARK [1][-]{section.4.1}{\376\377\0004\000.\0001\000\040\000P\000a\000c\000o\000t\000e\000\040\000S\000p\000a\000r\000t\000a\000c\000u\000s}{chapter.4}% 8
\BOOKMARK [1][-]{section.4.2}{\376\377\0004\000.\0002\000\040\000P\000a\000c\000o\000t\000e\000\040\000S\000p\000a\000r\000t\000a\000c\000u\000s\000.\000D\000a\000t\000a\000b\000a\000s\000e}{chapter.4}% 9
\BOOKMARK [2][-]{subsection.4.2.1}{\376\377\0004\000.\0002\000.\0001\000\040\000E\000n\000u\000m\000e\000r\000a\000\347\000\365\000e\000s}{section.4.2}% 10
\BOOKMARK [3][-]{subsubsection.4.2.1.1}{\376\377\0004\000.\0002\000.\0001\000.\0001\000\040\000L\000o\000c\000a\000l\000e}{subsection.4.2.1}% 11
\BOOKMARK [3][-]{subsubsection.4.2.1.2}{\376\377\0004\000.\0002\000.\0001\000.\0002\000\040\000T\000y\000p\000e}{subsection.4.2.1}% 12
\BOOKMARK [1][-]{section.4.3}{\376\377\0004\000.\0003\000\040\000P\000a\000c\000o\000t\000e\000\040\000S\000p\000a\000r\000t\000a\000c\000u\000s\000.\000F\000o\000r\000m\000s}{chapter.4}% 13
\BOOKMARK [1][-]{section.4.4}{\376\377\0004\000.\0004\000\040\000P\000a\000c\000o\000t\000e\000\040\000S\000p\000a\000r\000t\000a\000c\000u\000s\000.\000N\000e\000t}{chapter.4}% 14
\BOOKMARK [1][-]{section.4.5}{\376\377\0004\000.\0005\000\040\000P\000a\000c\000o\000t\000e\000\040\000S\000p\000a\000r\000t\000a\000c\000u\000s\000.\000R\000e\000p\000o\000r\000t\000i\000n\000g}{chapter.4}% 15
\BOOKMARK [2][-]{subsection.4.5.1}{\376\377\0004\000.\0005\000.\0001\000\040\000E\000n\000u\000m\000e\000r\000a\000\347\000\365\000e\000s}{section.4.5}% 16
\BOOKMARK [3][-]{subsubsection.4.5.1.1}{\376\377\0004\000.\0005\000.\0001\000.\0001\000\040\000F\000i\000e\000l\000d\000A\000l\000i\000g\000n\000m\000e\000n\000t}{subsection.4.5.1}% 17
\BOOKMARK [3][-]{subsubsection.4.5.1.2}{\376\377\0004\000.\0005\000.\0001\000.\0002\000\040\000F\000o\000n\000t\000F\000a\000m\000i\000l\000y}{subsection.4.5.1}% 18
\BOOKMARK [3][-]{subsubsection.4.5.1.3}{\376\377\0004\000.\0005\000.\0001\000.\0003\000\040\000O\000b\000j\000e\000c\000t\000T\000y\000p\000e}{subsection.4.5.1}% 19
\BOOKMARK [3][-]{subsubsection.4.5.1.4}{\376\377\0004\000.\0005\000.\0001\000.\0004\000\040\000P\000a\000g\000e\000L\000a\000y\000o\000u\000t}{subsection.4.5.1}% 20
\BOOKMARK [3][-]{subsubsection.4.5.1.5}{\376\377\0004\000.\0005\000.\0001\000.\0005\000\040\000P\000a\000g\000e\000M\000a\000r\000g\000i\000n}{subsection.4.5.1}% 21
\BOOKMARK [1][-]{section.4.6}{\376\377\0004\000.\0006\000\040\000P\000a\000c\000o\000t\000e\000\040\000S\000p\000a\000r\000t\000a\000c\000u\000s\000.\000U\000t\000i\000l\000s}{chapter.4}% 22
\BOOKMARK [2][-]{subsection.4.6.1}{\376\377\0004\000.\0006\000.\0001\000\040\000E\000n\000u\000m\000e\000r\000a\000\347\000\365\000e\000s}{section.4.6}% 23
\BOOKMARK [3][-]{subsubsection.4.6.1.1}{\376\377\0004\000.\0006\000.\0001\000.\0001\000\040\000D\000i\000r\000e\000c\000t\000i\000o\000n}{subsection.4.6.1}% 24
\BOOKMARK [3][-]{subsubsection.4.6.1.2}{\376\377\0004\000.\0006\000.\0001\000.\0002\000\040\000F\000i\000l\000e\000A\000t\000t\000r\000i\000b\000u\000t\000e\000s}{subsection.4.6.1}% 25
\BOOKMARK [3][-]{subsubsection.4.6.1.3}{\376\377\0004\000.\0006\000.\0001\000.\0003\000\040\000F\000i\000l\000e\000T\000y\000p\000e}{subsection.4.6.1}% 26
\BOOKMARK [3][-]{subsubsection.4.6.1.4}{\376\377\0004\000.\0006\000.\0001\000.\0004\000\040\000L\000o\000c\000a\000l\000i\000t\000y}{subsection.4.6.1}% 27
\BOOKMARK [3][-]{subsubsection.4.6.1.5}{\376\377\0004\000.\0006\000.\0001\000.\0005\000\040\000P\000a\000t\000h\000S\000e\000p\000a\000r\000a\000t\000o\000r}{subsection.4.6.1}% 28
\BOOKMARK [3][-]{subsubsection.4.6.1.6}{\376\377\0004\000.\0006\000.\0001\000.\0006\000\040\000S\000y\000n\000c\000A\000c\000t\000i\000o\000n}{subsection.4.6.1}% 29
\BOOKMARK [3][-]{subsubsection.4.6.1.7}{\376\377\0004\000.\0006\000.\0001\000.\0007\000\040\000T\000r\000e\000e\000T\000y\000p\000e}{subsection.4.6.1}% 30
\BOOKMARK [0][-]{chapter.5}{\376\377\0005\000\040\000E\000s\000t\000r\000u\000t\000u\000r\000a\000s}{}% 31
\BOOKMARK [1][-]{section.5.1}{\376\377\0005\000.\0001\000\040\000R\000e\000f\000e\000r\000\352\000n\000c\000i\000a\000\040\000d\000a\000\040\000C\000l\000a\000s\000s\000e\000\040\000S\000p\000a\000r\000t\000a\000c\000u\000s\000.\000R\000e\000p\000o\000r\000t\000i\000n\000g\000.\000B\000l\000o\000c\000k}{chapter.5}% 32
\BOOKMARK [2][-]{subsection.5.1.1}{\376\377\0005\000.\0001\000.\0001\000\040\000D\000e\000s\000c\000r\000i\000\347\000\343\000o\000\040\000D\000e\000t\000a\000l\000h\000a\000d\000a}{section.5.1}% 33
\BOOKMARK [2][-]{subsection.5.1.2}{\376\377\0005\000.\0001\000.\0002\000\040\000C\000o\000n\000s\000t\000r\000u\000t\000o\000r\000e\000s\000\040\000\046\000\040\000D\000e\000s\000t\000r\000u\000t\000o\000r\000e\000s}{section.5.1}% 34
\BOOKMARK [3][-]{subsubsection.5.1.2.1}{\376\377\0005\000.\0001\000.\0002\000.\0001\000\040\000B\000l\000o\000c\000k}{subsection.5.1.2}% 35
\BOOKMARK [2][-]{subsection.5.1.3}{\376\377\0005\000.\0001\000.\0003\000\040\000M\000\351\000t\000o\000d\000o\000s}{section.5.1}% 36
\BOOKMARK [3][-]{subsubsection.5.1.3.1}{\376\377\0005\000.\0001\000.\0003\000.\0001\000\040\000R\000e\000n\000d\000e\000r}{subsection.5.1.3}% 37
\BOOKMARK [3][-]{subsubsection.5.1.3.2}{\376\377\0005\000.\0001\000.\0003\000.\0002\000\040\000S\000e\000t\000H\000e\000i\000g\000h\000t}{subsection.5.1.3}% 38
\BOOKMARK [3][-]{subsubsection.5.1.3.3}{\376\377\0005\000.\0001\000.\0003\000.\0003\000\040\000S\000e\000t\000P\000a\000g\000e\000N\000u\000m\000b\000e\000r}{subsection.5.1.3}% 39
\BOOKMARK [3][-]{subsubsection.5.1.3.4}{\376\377\0005\000.\0001\000.\0003\000.\0004\000\040\000S\000e\000t\000V\000a\000l\000u\000e\000s}{subsection.5.1.3}% 40
\BOOKMARK [2][-]{subsection.5.1.4}{\376\377\0005\000.\0001\000.\0004\000\040\000C\000a\000m\000p\000o\000s}{section.5.1}% 41
\BOOKMARK [3][-]{subsubsection.5.1.4.1}{\376\377\0005\000.\0001\000.\0004\000.\0001\000\040\000v\000\137\000h\000e\000i\000g\000h\000t}{subsection.5.1.4}% 42
\BOOKMARK [3][-]{subsubsection.5.1.4.2}{\376\377\0005\000.\0001\000.\0004\000.\0002\000\040\000v\000\137\000o\000b\000j\000e\000c\000t\000s}{subsection.5.1.4}% 43
\BOOKMARK [1][-]{section.5.2}{\376\377\0005\000.\0002\000\040\000R\000e\000f\000e\000r\000\352\000n\000c\000i\000a\000\040\000d\000a\000\040\000C\000l\000a\000s\000s\000e\000\040\000S\000p\000a\000r\000t\000a\000c\000u\000s\000.\000R\000e\000p\000o\000r\000t\000i\000n\000g\000.\000B\000o\000r\000d\000e\000r}{chapter.5}% 44
\BOOKMARK [2][-]{subsection.5.2.1}{\376\377\0005\000.\0002\000.\0001\000\040\000D\000e\000s\000c\000r\000i\000\347\000\343\000o\000\040\000D\000e\000t\000a\000l\000h\000a\000d\000a}{section.5.2}% 45
\BOOKMARK [2][-]{subsection.5.2.2}{\376\377\0005\000.\0002\000.\0002\000\040\000C\000o\000n\000s\000t\000r\000u\000t\000o\000r\000e\000s\000\040\000\046\000\040\000D\000e\000s\000t\000r\000u\000t\000o\000r\000e\000s}{section.5.2}% 46
\BOOKMARK [3][-]{subsubsection.5.2.2.1}{\376\377\0005\000.\0002\000.\0002\000.\0001\000\040\000B\000o\000r\000d\000e\000r}{subsection.5.2.2}% 47
\BOOKMARK [3][-]{subsubsection.5.2.2.2}{\376\377\0005\000.\0002\000.\0002\000.\0002\000\040\000B\000o\000r\000d\000e\000r}{subsection.5.2.2}% 48
\BOOKMARK [2][-]{subsection.5.2.3}{\376\377\0005\000.\0002\000.\0003\000\040\000C\000a\000m\000p\000o\000s}{section.5.2}% 49
\BOOKMARK [3][-]{subsubsection.5.2.3.1}{\376\377\0005\000.\0002\000.\0003\000.\0001\000\040\000v\000\137\000b\000o\000t\000t\000o\000m}{subsection.5.2.3}% 50
\BOOKMARK [3][-]{subsubsection.5.2.3.2}{\376\377\0005\000.\0002\000.\0003\000.\0002\000\040\000v\000\137\000l\000e\000f\000t}{subsection.5.2.3}% 51
\BOOKMARK [3][-]{subsubsection.5.2.3.3}{\376\377\0005\000.\0002\000.\0003\000.\0003\000\040\000v\000\137\000r\000i\000g\000h\000t}{subsection.5.2.3}% 52
\BOOKMARK [3][-]{subsubsection.5.2.3.4}{\376\377\0005\000.\0002\000.\0003\000.\0004\000\040\000v\000\137\000t\000o\000p}{subsection.5.2.3}% 53
\BOOKMARK [1][-]{section.5.3}{\376\377\0005\000.\0003\000\040\000R\000e\000f\000e\000r\000\352\000n\000c\000i\000a\000\040\000d\000a\000\040\000C\000l\000a\000s\000s\000e\000\040\000S\000p\000a\000r\000t\000a\000c\000u\000s\000.\000N\000e\000t\000.\000C\000l\000i\000e\000n\000t}{chapter.5}% 54
\BOOKMARK [2][-]{subsection.5.3.1}{\376\377\0005\000.\0003\000.\0001\000\040\000D\000e\000s\000c\000r\000i\000\347\000\343\000o\000\040\000D\000e\000t\000a\000l\000h\000a\000d\000a}{section.5.3}% 55
\BOOKMARK [2][-]{subsection.5.3.2}{\376\377\0005\000.\0003\000.\0002\000\040\000C\000o\000n\000s\000t\000r\000u\000t\000o\000r\000e\000s\000\040\000\046\000\040\000D\000e\000s\000t\000r\000u\000t\000o\000r\000e\000s}{section.5.3}% 56
\BOOKMARK [3][-]{subsubsection.5.3.2.1}{\376\377\0005\000.\0003\000.\0002\000.\0001\000\040\000C\000l\000i\000e\000n\000t}{subsection.5.3.2}% 57
\BOOKMARK [2][-]{subsection.5.3.3}{\376\377\0005\000.\0003\000.\0003\000\040\000M\000\351\000t\000o\000d\000o\000s}{section.5.3}% 58
\BOOKMARK [3][-]{subsubsection.5.3.3.1}{\376\377\0005\000.\0003\000.\0003\000.\0001\000\040\000C\000o\000n\000n\000e\000c\000t}{subsection.5.3.3}% 59
\BOOKMARK [2][-]{subsection.5.3.4}{\376\377\0005\000.\0003\000.\0004\000\040\000C\000a\000m\000p\000o\000s}{section.5.3}% 60
\BOOKMARK [3][-]{subsubsection.5.3.4.1}{\376\377\0005\000.\0003\000.\0004\000.\0001\000\040\000v\000\137\000s\000e\000r\000v\000e\000r\000i\000p}{subsection.5.3.4}% 61
\BOOKMARK [3][-]{subsubsection.5.3.4.2}{\376\377\0005\000.\0003\000.\0004\000.\0002\000\040\000v\000\137\000s\000e\000r\000v\000e\000r\000p\000o\000r\000t}{subsection.5.3.4}% 62
\BOOKMARK [1][-]{section.5.4}{\376\377\0005\000.\0004\000\040\000R\000e\000f\000e\000r\000\352\000n\000c\000i\000a\000\040\000d\000a\000\040\000C\000l\000a\000s\000s\000e\000\040\000S\000p\000a\000r\000t\000a\000c\000u\000s\000.\000D\000a\000t\000a\000b\000a\000s\000e\000.\000C\000o\000m\000m\000a\000n\000d}{chapter.5}% 63
\BOOKMARK [2][-]{subsection.5.4.1}{\376\377\0005\000.\0004\000.\0001\000\040\000D\000e\000s\000c\000r\000i\000\347\000\343\000o\000\040\000D\000e\000t\000a\000l\000h\000a\000d\000a}{section.5.4}% 64
\BOOKMARK [2][-]{subsection.5.4.2}{\376\377\0005\000.\0004\000.\0002\000\040\000C\000o\000n\000s\000t\000r\000u\000t\000o\000r\000e\000s\000\040\000\046\000\040\000D\000e\000s\000t\000r\000u\000t\000o\000r\000e\000s}{section.5.4}% 65
\BOOKMARK [3][-]{subsubsection.5.4.2.1}{\376\377\0005\000.\0004\000.\0002\000.\0001\000\040\000C\000o\000m\000m\000a\000n\000d}{subsection.5.4.2}% 66
\BOOKMARK [2][-]{subsection.5.4.3}{\376\377\0005\000.\0004\000.\0003\000\040\000M\000\351\000t\000o\000d\000o\000s}{section.5.4}% 67
\BOOKMARK [3][-]{subsubsection.5.4.3.1}{\376\377\0005\000.\0004\000.\0003\000.\0001\000\040\000A\000d\000d\000P\000a\000r\000a\000m\000e\000t\000e\000r}{subsection.5.4.3}% 68
\BOOKMARK [3][-]{subsubsection.5.4.3.2}{\376\377\0005\000.\0004\000.\0003\000.\0002\000\040\000C\000l\000e\000a\000r}{subsection.5.4.3}% 69
\BOOKMARK [3][-]{subsubsection.5.4.3.3}{\376\377\0005\000.\0004\000.\0003\000.\0003\000\040\000G\000e\000t\000V\000a\000l\000u\000e}{subsection.5.4.3}% 70
\BOOKMARK [3][-]{subsubsection.5.4.3.4}{\376\377\0005\000.\0004\000.\0003\000.\0004\000\040\000R\000e\000m\000o\000v\000e\000U\000n\000w\000a\000n\000t\000e\000d\000C\000h\000a\000r\000s}{subsection.5.4.3}% 71
\BOOKMARK [3][-]{subsubsection.5.4.3.5}{\376\377\0005\000.\0004\000.\0003\000.\0005\000\040\000R\000e\000m\000o\000v\000e\000U\000n\000w\000a\000n\000t\000e\000d\000C\000h\000a\000r\000s\000E\000x\000e\000c\000u\000t\000e}{subsection.5.4.3}% 72
\BOOKMARK [3][-]{subsubsection.5.4.3.6}{\376\377\0005\000.\0004\000.\0003\000.\0006\000\040\000S\000e\000t\000D\000a\000t\000e\000F\000o\000r\000m\000a\000t}{subsection.5.4.3}% 73
\BOOKMARK [3][-]{subsubsection.5.4.3.7}{\376\377\0005\000.\0004\000.\0003\000.\0007\000\040\000S\000e\000t\000L\000o\000c\000a\000l\000e}{subsection.5.4.3}% 74
\BOOKMARK [3][-]{subsubsection.5.4.3.8}{\376\377\0005\000.\0004\000.\0003\000.\0008\000\040\000S\000e\000t\000V\000a\000l\000u\000e}{subsection.5.4.3}% 75
\BOOKMARK [3][-]{subsubsection.5.4.3.9}{\376\377\0005\000.\0004\000.\0003\000.\0009\000\040\000S\000e\000t\000V\000a\000l\000u\000e}{subsection.5.4.3}% 76
\BOOKMARK [3][-]{subsubsection.5.4.3.10}{\376\377\0005\000.\0004\000.\0003\000.\0001\0000\000\040\000U\000p\000d\000a\000t\000e\000T\000e\000x\000t}{subsection.5.4.3}% 77
\BOOKMARK [2][-]{subsection.5.4.4}{\376\377\0005\000.\0004\000.\0004\000\040\000C\000a\000m\000p\000o\000s}{section.5.4}% 78
\BOOKMARK [3][-]{subsubsection.5.4.4.1}{\376\377\0005\000.\0004\000.\0004\000.\0001\000\040\000v\000\137\000p\000a\000r\000a\000m\000e\000t\000e\000r\000s}{subsection.5.4.4}% 79
\BOOKMARK [3][-]{subsubsection.5.4.4.2}{\376\377\0005\000.\0004\000.\0004\000.\0002\000\040\000v\000\137\000t\000e\000x\000t}{subsection.5.4.4}% 80
\BOOKMARK [1][-]{section.5.5}{\376\377\0005\000.\0005\000\040\000R\000e\000f\000e\000r\000\352\000n\000c\000i\000a\000\040\000d\000a\000\040\000C\000l\000a\000s\000s\000e\000\040\000S\000p\000a\000r\000t\000a\000c\000u\000s\000.\000N\000e\000t\000.\000C\000r\000y\000p\000t\000o\000r}{chapter.5}% 81
\BOOKMARK [2][-]{subsection.5.5.1}{\376\377\0005\000.\0005\000.\0001\000\040\000D\000e\000s\000c\000r\000i\000\347\000\343\000o\000\040\000D\000e\000t\000a\000l\000h\000a\000d\000a}{section.5.5}% 82
\BOOKMARK [2][-]{subsection.5.5.2}{\376\377\0005\000.\0005\000.\0002\000\040\000C\000o\000n\000s\000t\000r\000u\000t\000o\000r\000e\000s\000\040\000\046\000\040\000D\000e\000s\000t\000r\000u\000t\000o\000r\000e\000s}{section.5.5}% 83
\BOOKMARK [3][-]{subsubsection.5.5.2.1}{\376\377\0005\000.\0005\000.\0002\000.\0001\000\040\000C\000r\000y\000p\000t\000o\000r}{subsection.5.5.2}% 84
\BOOKMARK [3][-]{subsubsection.5.5.2.2}{\376\377\0005\000.\0005\000.\0002\000.\0002\000\040\000C\000r\000y\000p\000t\000o\000r}{subsection.5.5.2}% 85
\BOOKMARK [3][-]{subsubsection.5.5.2.3}{\376\377\0005\000.\0005\000.\0002\000.\0003\000\040\000C\000r\000y\000p\000t\000o\000r}{subsection.5.5.2}% 86
\BOOKMARK [3][-]{subsubsection.5.5.2.4}{\376\377\0005\000.\0005\000.\0002\000.\0004\000\040\000C\000r\000y\000p\000t\000o\000r}{subsection.5.5.2}% 87
\BOOKMARK [3][-]{subsubsection.5.5.2.5}{\376\377\0005\000.\0005\000.\0002\000.\0005\000\040\000C\000r\000y\000p\000t\000o\000r}{subsection.5.5.2}% 88
\BOOKMARK [3][-]{subsubsection.5.5.2.6}{\376\377\0005\000.\0005\000.\0002\000.\0006\000\040\000C\000r\000y\000p\000t\000o\000r}{subsection.5.5.2}% 89
\BOOKMARK [3][-]{subsubsection.5.5.2.7}{\376\377\0005\000.\0005\000.\0002\000.\0007\000\040\000C\000r\000y\000p\000t\000o\000r}{subsection.5.5.2}% 90
\BOOKMARK [3][-]{subsubsection.5.5.2.8}{\376\377\0005\000.\0005\000.\0002\000.\0008\000\040\000C\000r\000y\000p\000t\000o\000r}{subsection.5.5.2}% 91
\BOOKMARK [2][-]{subsection.5.5.3}{\376\377\0005\000.\0005\000.\0003\000\040\000M\000\351\000t\000o\000d\000o\000s}{section.5.5}% 92
\BOOKMARK [3][-]{subsubsection.5.5.3.1}{\376\377\0005\000.\0005\000.\0003\000.\0001\000\040\000D\000e\000c\000r\000y\000p\000t}{subsection.5.5.3}% 93
\BOOKMARK [3][-]{subsubsection.5.5.3.2}{\376\377\0005\000.\0005\000.\0003\000.\0002\000\040\000D\000e\000c\000r\000y\000p\000t}{subsection.5.5.3}% 94
\BOOKMARK [3][-]{subsubsection.5.5.3.3}{\376\377\0005\000.\0005\000.\0003\000.\0003\000\040\000D\000e\000c\000r\000y\000p\000t\000F\000i\000l\000e}{subsection.5.5.3}% 95
\BOOKMARK [3][-]{subsubsection.5.5.3.4}{\376\377\0005\000.\0005\000.\0003\000.\0004\000\040\000D\000e\000c\000r\000y\000p\000t\000T\000o\000B\000y\000t\000e\000s}{subsection.5.5.3}% 96
\BOOKMARK [3][-]{subsubsection.5.5.3.5}{\376\377\0005\000.\0005\000.\0003\000.\0005\000\040\000D\000e\000c\000r\000y\000p\000t\000T\000o\000B\000y\000t\000e\000s}{subsection.5.5.3}% 97
\BOOKMARK [3][-]{subsubsection.5.5.3.6}{\376\377\0005\000.\0005\000.\0003\000.\0006\000\040\000E\000n\000c\000r\000y\000p\000t}{subsection.5.5.3}% 98
\BOOKMARK [3][-]{subsubsection.5.5.3.7}{\376\377\0005\000.\0005\000.\0003\000.\0007\000\040\000E\000n\000c\000r\000y\000p\000t}{subsection.5.5.3}% 99
\BOOKMARK [3][-]{subsubsection.5.5.3.8}{\376\377\0005\000.\0005\000.\0003\000.\0008\000\040\000E\000n\000c\000r\000y\000p\000t\000F\000i\000l\000e}{subsection.5.5.3}% 100
\BOOKMARK [3][-]{subsubsection.5.5.3.9}{\376\377\0005\000.\0005\000.\0003\000.\0009\000\040\000E\000n\000c\000r\000y\000p\000t\000F\000i\000l\000e}{subsection.5.5.3}% 101
\BOOKMARK [3][-]{subsubsection.5.5.3.10}{\376\377\0005\000.\0005\000.\0003\000.\0001\0000\000\040\000E\000n\000c\000r\000y\000p\000t\000T\000o\000B\000y\000t\000e\000s}{subsection.5.5.3}% 102
\BOOKMARK [3][-]{subsubsection.5.5.3.11}{\376\377\0005\000.\0005\000.\0003\000.\0001\0001\000\040\000E\000n\000c\000r\000y\000p\000t\000T\000o\000B\000y\000t\000e\000s}{subsection.5.5.3}% 103
\BOOKMARK [1][-]{section.5.6}{\376\377\0005\000.\0006\000\040\000R\000e\000f\000e\000r\000\352\000n\000c\000i\000a\000\040\000d\000a\000\040\000C\000l\000a\000s\000s\000e\000\040\000S\000p\000a\000r\000t\000a\000c\000u\000s\000.\000N\000e\000t\000.\000E\000n\000d\000p\000o\000i\000n\000t}{chapter.5}% 104
\BOOKMARK [2][-]{subsection.5.6.1}{\376\377\0005\000.\0006\000.\0001\000\040\000D\000e\000s\000c\000r\000i\000\347\000\343\000o\000\040\000D\000e\000t\000a\000l\000h\000a\000d\000a}{section.5.6}% 105
\BOOKMARK [2][-]{subsection.5.6.2}{\376\377\0005\000.\0006\000.\0002\000\040\000C\000o\000n\000s\000t\000r\000u\000t\000o\000r\000e\000s\000\040\000\046\000\040\000D\000e\000s\000t\000r\000u\000t\000o\000r\000e\000s}{section.5.6}% 106
\BOOKMARK [3][-]{subsubsection.5.6.2.1}{\376\377\0005\000.\0006\000.\0002\000.\0001\000\040\000E\000n\000d\000p\000o\000i\000n\000t}{subsection.5.6.2}% 107
\BOOKMARK [2][-]{subsection.5.6.3}{\376\377\0005\000.\0006\000.\0003\000\040\000M\000\351\000t\000o\000d\000o\000s}{section.5.6}% 108
\BOOKMARK [3][-]{subsubsection.5.6.3.1}{\376\377\0005\000.\0006\000.\0003\000.\0001\000\040\000R\000e\000c\000v}{subsection.5.6.3}% 109
\BOOKMARK [3][-]{subsubsection.5.6.3.2}{\376\377\0005\000.\0006\000.\0003\000.\0002\000\040\000R\000e\000c\000v\000D\000a\000t\000a\000T\000a\000b\000l\000e}{subsection.5.6.3}% 110
\BOOKMARK [3][-]{subsubsection.5.6.3.3}{\376\377\0005\000.\0006\000.\0003\000.\0003\000\040\000R\000e\000c\000v\000F\000i\000l\000e}{subsection.5.6.3}% 111
\BOOKMARK [3][-]{subsubsection.5.6.3.4}{\376\377\0005\000.\0006\000.\0003\000.\0004\000\040\000R\000e\000c\000v\000S\000t\000r\000i\000n\000g}{subsection.5.6.3}% 112
\BOOKMARK [3][-]{subsubsection.5.6.3.5}{\376\377\0005\000.\0006\000.\0003\000.\0005\000\040\000S\000e\000n\000d}{subsection.5.6.3}% 113
\BOOKMARK [3][-]{subsubsection.5.6.3.6}{\376\377\0005\000.\0006\000.\0003\000.\0006\000\040\000S\000e\000n\000d\000D\000a\000t\000a\000T\000a\000b\000l\000e}{subsection.5.6.3}% 114
\BOOKMARK [3][-]{subsubsection.5.6.3.7}{\376\377\0005\000.\0006\000.\0003\000.\0007\000\040\000S\000e\000n\000d\000F\000i\000l\000e}{subsection.5.6.3}% 115
\BOOKMARK [3][-]{subsubsection.5.6.3.8}{\376\377\0005\000.\0006\000.\0003\000.\0008\000\040\000S\000e\000n\000d\000S\000t\000r\000i\000n\000g}{subsection.5.6.3}% 116
\BOOKMARK [3][-]{subsubsection.5.6.3.9}{\376\377\0005\000.\0006\000.\0003\000.\0009\000\040\000S\000t\000o\000p}{subsection.5.6.3}% 117
\BOOKMARK [2][-]{subsection.5.6.4}{\376\377\0005\000.\0006\000.\0004\000\040\000C\000a\000m\000p\000o\000s}{section.5.6}% 118
\BOOKMARK [3][-]{subsubsection.5.6.4.1}{\376\377\0005\000.\0006\000.\0004\000.\0001\000\040\000v\000\137\000b\000u\000f\000f\000e\000r\000s\000i\000z\000e}{subsection.5.6.4}% 119
\BOOKMARK [3][-]{subsubsection.5.6.4.2}{\376\377\0005\000.\0006\000.\0004\000.\0002\000\040\000v\000\137\000i\000p}{subsection.5.6.4}% 120
\BOOKMARK [3][-]{subsubsection.5.6.4.3}{\376\377\0005\000.\0006\000.\0004\000.\0003\000\040\000v\000\137\000p\000o\000r\000t}{subsection.5.6.4}% 121
\BOOKMARK [3][-]{subsubsection.5.6.4.4}{\376\377\0005\000.\0006\000.\0004\000.\0004\000\040\000v\000\137\000r\000e\000c\000v\000b\000u\000f\000f\000e\000r}{subsection.5.6.4}% 122
\BOOKMARK [3][-]{subsubsection.5.6.4.5}{\376\377\0005\000.\0006\000.\0004\000.\0005\000\040\000v\000\137\000s\000o\000c\000k\000e\000t}{subsection.5.6.4}% 123
\BOOKMARK [3][-]{subsubsection.5.6.4.6}{\376\377\0005\000.\0006\000.\0004\000.\0006\000\040\000v\000\137\000s\000t\000r\000e\000a\000m}{subsection.5.6.4}% 124
\BOOKMARK [1][-]{section.5.7}{\376\377\0005\000.\0007\000\040\000R\000e\000f\000e\000r\000\352\000n\000c\000i\000a\000\040\000d\000a\000\040\000C\000l\000a\000s\000s\000e\000\040\000S\000p\000a\000r\000t\000a\000c\000u\000s\000.\000U\000t\000i\000l\000s\000.\000E\000x\000c\000e\000p\000t\000i\000o\000n}{chapter.5}% 125
\BOOKMARK [2][-]{subsection.5.7.1}{\376\377\0005\000.\0007\000.\0001\000\040\000D\000e\000s\000c\000r\000i\000\347\000\343\000o\000\040\000D\000e\000t\000a\000l\000h\000a\000d\000a}{section.5.7}% 126
\BOOKMARK [2][-]{subsection.5.7.2}{\376\377\0005\000.\0007\000.\0002\000\040\000C\000o\000n\000s\000t\000r\000u\000t\000o\000r\000e\000s\000\040\000\046\000\040\000D\000e\000s\000t\000r\000u\000t\000o\000r\000e\000s}{section.5.7}% 127
\BOOKMARK [3][-]{subsubsection.5.7.2.1}{\376\377\0005\000.\0007\000.\0002\000.\0001\000\040\000E\000x\000c\000e\000p\000t\000i\000o\000n}{subsection.5.7.2}% 128
\BOOKMARK [3][-]{subsubsection.5.7.2.2}{\376\377\0005\000.\0007\000.\0002\000.\0002\000\040\000E\000x\000c\000e\000p\000t\000i\000o\000n}{subsection.5.7.2}% 129
\BOOKMARK [3][-]{subsubsection.5.7.2.3}{\376\377\0005\000.\0007\000.\0002\000.\0003\000\040\000E\000x\000c\000e\000p\000t\000i\000o\000n}{subsection.5.7.2}% 130
\BOOKMARK [3][-]{subsubsection.5.7.2.4}{\376\377\0005\000.\0007\000.\0002\000.\0004\000\040\000E\000x\000c\000e\000p\000t\000i\000o\000n}{subsection.5.7.2}% 131
\BOOKMARK [3][-]{subsubsection.5.7.2.5}{\376\377\0005\000.\0007\000.\0002\000.\0005\000\040\000E\000x\000c\000e\000p\000t\000i\000o\000n}{subsection.5.7.2}% 132
\BOOKMARK [3][-]{subsubsection.5.7.2.6}{\376\377\0005\000.\0007\000.\0002\000.\0006\000\040\000E\000x\000c\000e\000p\000t\000i\000o\000n}{subsection.5.7.2}% 133
\BOOKMARK [2][-]{subsection.5.7.3}{\376\377\0005\000.\0007\000.\0003\000\040\000C\000a\000m\000p\000o\000s}{section.5.7}% 134
\BOOKMARK [3][-]{subsubsection.5.7.3.1}{\376\377\0005\000.\0007\000.\0003\000.\0001\000\040\000v\000\137\000m\000e\000s\000s\000a\000g\000e}{subsection.5.7.3}% 135
\BOOKMARK [1][-]{section.5.8}{\376\377\0005\000.\0008\000\040\000R\000e\000f\000e\000r\000\352\000n\000c\000i\000a\000\040\000d\000a\000\040\000C\000l\000a\000s\000s\000e\000\040\000S\000p\000a\000r\000t\000a\000c\000u\000s\000.\000N\000e\000t\000.\000E\000x\000c\000e\000p\000t\000i\000o\000n}{chapter.5}% 136
\BOOKMARK [2][-]{subsection.5.8.1}{\376\377\0005\000.\0008\000.\0001\000\040\000D\000e\000s\000c\000r\000i\000\347\000\343\000o\000\040\000D\000e\000t\000a\000l\000h\000a\000d\000a}{section.5.8}% 137
\BOOKMARK [2][-]{subsection.5.8.2}{\376\377\0005\000.\0008\000.\0002\000\040\000C\000o\000n\000s\000t\000r\000u\000t\000o\000r\000e\000s\000\040\000\046\000\040\000D\000e\000s\000t\000r\000u\000t\000o\000r\000e\000s}{section.5.8}% 138
\BOOKMARK [3][-]{subsubsection.5.8.2.1}{\376\377\0005\000.\0008\000.\0002\000.\0001\000\040\000E\000x\000c\000e\000p\000t\000i\000o\000n}{subsection.5.8.2}% 139
\BOOKMARK [3][-]{subsubsection.5.8.2.2}{\376\377\0005\000.\0008\000.\0002\000.\0002\000\040\000E\000x\000c\000e\000p\000t\000i\000o\000n}{subsection.5.8.2}% 140
\BOOKMARK [3][-]{subsubsection.5.8.2.3}{\376\377\0005\000.\0008\000.\0002\000.\0003\000\040\000E\000x\000c\000e\000p\000t\000i\000o\000n}{subsection.5.8.2}% 141
\BOOKMARK [3][-]{subsubsection.5.8.2.4}{\376\377\0005\000.\0008\000.\0002\000.\0004\000\040\000E\000x\000c\000e\000p\000t\000i\000o\000n}{subsection.5.8.2}% 142
\BOOKMARK [3][-]{subsubsection.5.8.2.5}{\376\377\0005\000.\0008\000.\0002\000.\0005\000\040\000E\000x\000c\000e\000p\000t\000i\000o\000n}{subsection.5.8.2}% 143
\BOOKMARK [3][-]{subsubsection.5.8.2.6}{\376\377\0005\000.\0008\000.\0002\000.\0006\000\040\000E\000x\000c\000e\000p\000t\000i\000o\000n}{subsection.5.8.2}% 144
\BOOKMARK [2][-]{subsection.5.8.3}{\376\377\0005\000.\0008\000.\0003\000\040\000C\000a\000m\000p\000o\000s}{section.5.8}% 145
\BOOKMARK [3][-]{subsubsection.5.8.3.1}{\376\377\0005\000.\0008\000.\0003\000.\0001\000\040\000v\000\137\000m\000e\000s\000s\000a\000g\000e}{subsection.5.8.3}% 146
\BOOKMARK [1][-]{section.5.9}{\376\377\0005\000.\0009\000\040\000R\000e\000f\000e\000r\000\352\000n\000c\000i\000a\000\040\000d\000a\000\040\000C\000l\000a\000s\000s\000e\000\040\000S\000p\000a\000r\000t\000a\000c\000u\000s\000.\000D\000a\000t\000a\000b\000a\000s\000e\000.\000E\000x\000c\000e\000p\000t\000i\000o\000n}{chapter.5}% 147
\BOOKMARK [2][-]{subsection.5.9.1}{\376\377\0005\000.\0009\000.\0001\000\040\000D\000e\000s\000c\000r\000i\000\347\000\343\000o\000\040\000D\000e\000t\000a\000l\000h\000a\000d\000a}{section.5.9}% 148
\BOOKMARK [2][-]{subsection.5.9.2}{\376\377\0005\000.\0009\000.\0002\000\040\000C\000o\000n\000s\000t\000r\000u\000t\000o\000r\000e\000s\000\040\000\046\000\040\000D\000e\000s\000t\000r\000u\000t\000o\000r\000e\000s}{section.5.9}% 149
\BOOKMARK [3][-]{subsubsection.5.9.2.1}{\376\377\0005\000.\0009\000.\0002\000.\0001\000\040\000E\000x\000c\000e\000p\000t\000i\000o\000n}{subsection.5.9.2}% 150
\BOOKMARK [3][-]{subsubsection.5.9.2.2}{\376\377\0005\000.\0009\000.\0002\000.\0002\000\040\000E\000x\000c\000e\000p\000t\000i\000o\000n}{subsection.5.9.2}% 151
\BOOKMARK [3][-]{subsubsection.5.9.2.3}{\376\377\0005\000.\0009\000.\0002\000.\0003\000\040\000E\000x\000c\000e\000p\000t\000i\000o\000n}{subsection.5.9.2}% 152
\BOOKMARK [3][-]{subsubsection.5.9.2.4}{\376\377\0005\000.\0009\000.\0002\000.\0004\000\040\000E\000x\000c\000e\000p\000t\000i\000o\000n}{subsection.5.9.2}% 153
\BOOKMARK [3][-]{subsubsection.5.9.2.5}{\376\377\0005\000.\0009\000.\0002\000.\0005\000\040\000E\000x\000c\000e\000p\000t\000i\000o\000n}{subsection.5.9.2}% 154
\BOOKMARK [3][-]{subsubsection.5.9.2.6}{\376\377\0005\000.\0009\000.\0002\000.\0006\000\040\000E\000x\000c\000e\000p\000t\000i\000o\000n}{subsection.5.9.2}% 155
\BOOKMARK [2][-]{subsection.5.9.3}{\376\377\0005\000.\0009\000.\0003\000\040\000C\000a\000m\000p\000o\000s}{section.5.9}% 156
\BOOKMARK [3][-]{subsubsection.5.9.3.1}{\376\377\0005\000.\0009\000.\0003\000.\0001\000\040\000v\000\137\000m\000e\000s\000s\000a\000g\000e}{subsection.5.9.3}% 157
\BOOKMARK [1][-]{section.5.10}{\376\377\0005\000.\0001\0000\000\040\000R\000e\000f\000e\000r\000\352\000n\000c\000i\000a\000\040\000d\000a\000\040\000C\000l\000a\000s\000s\000e\000\040\000S\000p\000a\000r\000t\000a\000c\000u\000s\000.\000R\000e\000p\000o\000r\000t\000i\000n\000g\000.\000E\000x\000c\000e\000p\000t\000i\000o\000n}{chapter.5}% 158
\BOOKMARK [2][-]{subsection.5.10.1}{\376\377\0005\000.\0001\0000\000.\0001\000\040\000D\000e\000s\000c\000r\000i\000\347\000\343\000o\000\040\000D\000e\000t\000a\000l\000h\000a\000d\000a}{section.5.10}% 159
\BOOKMARK [2][-]{subsection.5.10.2}{\376\377\0005\000.\0001\0000\000.\0002\000\040\000C\000o\000n\000s\000t\000r\000u\000t\000o\000r\000e\000s\000\040\000\046\000\040\000D\000e\000s\000t\000r\000u\000t\000o\000r\000e\000s}{section.5.10}% 160
\BOOKMARK [3][-]{subsubsection.5.10.2.1}{\376\377\0005\000.\0001\0000\000.\0002\000.\0001\000\040\000E\000x\000c\000e\000p\000t\000i\000o\000n}{subsection.5.10.2}% 161
\BOOKMARK [3][-]{subsubsection.5.10.2.2}{\376\377\0005\000.\0001\0000\000.\0002\000.\0002\000\040\000E\000x\000c\000e\000p\000t\000i\000o\000n}{subsection.5.10.2}% 162
\BOOKMARK [3][-]{subsubsection.5.10.2.3}{\376\377\0005\000.\0001\0000\000.\0002\000.\0003\000\040\000E\000x\000c\000e\000p\000t\000i\000o\000n}{subsection.5.10.2}% 163
\BOOKMARK [3][-]{subsubsection.5.10.2.4}{\376\377\0005\000.\0001\0000\000.\0002\000.\0004\000\040\000E\000x\000c\000e\000p\000t\000i\000o\000n}{subsection.5.10.2}% 164
\BOOKMARK [3][-]{subsubsection.5.10.2.5}{\376\377\0005\000.\0001\0000\000.\0002\000.\0005\000\040\000E\000x\000c\000e\000p\000t\000i\000o\000n}{subsection.5.10.2}% 165
\BOOKMARK [3][-]{subsubsection.5.10.2.6}{\376\377\0005\000.\0001\0000\000.\0002\000.\0006\000\040\000E\000x\000c\000e\000p\000t\000i\000o\000n}{subsection.5.10.2}% 166
\BOOKMARK [2][-]{subsection.5.10.3}{\376\377\0005\000.\0001\0000\000.\0003\000\040\000C\000a\000m\000p\000o\000s}{section.5.10}% 167
\BOOKMARK [3][-]{subsubsection.5.10.3.1}{\376\377\0005\000.\0001\0000\000.\0003\000.\0001\000\040\000v\000\137\000m\000e\000s\000s\000a\000g\000e}{subsection.5.10.3}% 168
\BOOKMARK [1][-]{section.5.11}{\376\377\0005\000.\0001\0001\000\040\000R\000e\000f\000e\000r\000\352\000n\000c\000i\000a\000\040\000d\000a\000\040\000C\000l\000a\000s\000s\000e\000\040\000S\000p\000a\000r\000t\000a\000c\000u\000s\000.\000R\000e\000p\000o\000r\000t\000i\000n\000g\000.\000F\000i\000e\000l\000d}{chapter.5}% 169
\BOOKMARK [2][-]{subsection.5.11.1}{\376\377\0005\000.\0001\0001\000.\0001\000\040\000D\000e\000s\000c\000r\000i\000\347\000\343\000o\000\040\000D\000e\000t\000a\000l\000h\000a\000d\000a}{section.5.11}% 170
\BOOKMARK [2][-]{subsection.5.11.2}{\376\377\0005\000.\0001\0001\000.\0002\000\040\000C\000o\000n\000s\000t\000r\000u\000t\000o\000r\000e\000s\000\040\000\046\000\040\000D\000e\000s\000t\000r\000u\000t\000o\000r\000e\000s}{section.5.11}% 171
\BOOKMARK [3][-]{subsubsection.5.11.2.1}{\376\377\0005\000.\0001\0001\000.\0002\000.\0001\000\040\000F\000i\000e\000l\000d}{subsection.5.11.2}% 172
\BOOKMARK [2][-]{subsection.5.11.3}{\376\377\0005\000.\0001\0001\000.\0003\000\040\000M\000\351\000t\000o\000d\000o\000s}{section.5.11}% 173
\BOOKMARK [3][-]{subsubsection.5.11.3.1}{\376\377\0005\000.\0001\0001\000.\0003\000.\0001\000\040\000F\000o\000r\000m\000a\000t}{subsection.5.11.3}% 174
\BOOKMARK [3][-]{subsubsection.5.11.3.2}{\376\377\0005\000.\0001\0001\000.\0003\000.\0002\000\040\000S\000e\000t\000T\000y\000p\000e}{subsection.5.11.3}% 175
\BOOKMARK [2][-]{subsection.5.11.4}{\376\377\0005\000.\0001\0001\000.\0004\000\040\000C\000a\000m\000p\000o\000s}{section.5.11}% 176
\BOOKMARK [3][-]{subsubsection.5.11.4.1}{\376\377\0005\000.\0001\0001\000.\0004\000.\0001\000\040\000v\000\137\000a\000l\000i\000g\000n}{subsection.5.11.4}% 177
\BOOKMARK [3][-]{subsubsection.5.11.4.2}{\376\377\0005\000.\0001\0001\000.\0004\000.\0002\000\040\000v\000\137\000c\000o\000l\000u\000m\000n}{subsection.5.11.4}% 178
\BOOKMARK [3][-]{subsubsection.5.11.4.3}{\376\377\0005\000.\0001\0001\000.\0004\000.\0003\000\040\000v\000\137\000f\000i\000l\000l}{subsection.5.11.4}% 179
\BOOKMARK [3][-]{subsubsection.5.11.4.4}{\376\377\0005\000.\0001\0001\000.\0004\000.\0004\000\040\000v\000\137\000t\000i\000t\000l\000e}{subsection.5.11.4}% 180
\BOOKMARK [3][-]{subsubsection.5.11.4.5}{\376\377\0005\000.\0001\0001\000.\0004\000.\0005\000\040\000v\000\137\000t\000y\000p\000e}{subsection.5.11.4}% 181
\BOOKMARK [1][-]{section.5.12}{\376\377\0005\000.\0001\0002\000\040\000R\000e\000f\000e\000r\000\352\000n\000c\000i\000a\000\040\000d\000a\000\040\000C\000l\000a\000s\000s\000e\000\040\000S\000p\000a\000r\000t\000a\000c\000u\000s\000.\000U\000t\000i\000l\000s\000.\000F\000i\000l\000e}{chapter.5}% 182
\BOOKMARK [2][-]{subsection.5.12.1}{\376\377\0005\000.\0001\0002\000.\0001\000\040\000D\000e\000s\000c\000r\000i\000\347\000\343\000o\000\040\000D\000e\000t\000a\000l\000h\000a\000d\000a}{section.5.12}% 183
\BOOKMARK [2][-]{subsection.5.12.2}{\376\377\0005\000.\0001\0002\000.\0002\000\040\000C\000o\000n\000s\000t\000r\000u\000t\000o\000r\000e\000s\000\040\000\046\000\040\000D\000e\000s\000t\000r\000u\000t\000o\000r\000e\000s}{section.5.12}% 184
\BOOKMARK [3][-]{subsubsection.5.12.2.1}{\376\377\0005\000.\0001\0002\000.\0002\000.\0001\000\040\000F\000i\000l\000e}{subsection.5.12.2}% 185
\BOOKMARK [3][-]{subsubsection.5.12.2.2}{\376\377\0005\000.\0001\0002\000.\0002\000.\0002\000\040\000F\000i\000l\000e}{subsection.5.12.2}% 186
\BOOKMARK [3][-]{subsubsection.5.12.2.3}{\376\377\0005\000.\0001\0002\000.\0002\000.\0003\000\040\000F\000i\000l\000e}{subsection.5.12.2}% 187
\BOOKMARK [3][-]{subsubsection.5.12.2.4}{\376\377\0005\000.\0001\0002\000.\0002\000.\0004\000\040\000F\000i\000l\000e}{subsection.5.12.2}% 188
\BOOKMARK [3][-]{subsubsection.5.12.2.5}{\376\377\0005\000.\0001\0002\000.\0002\000.\0005\000\040\000F\000i\000l\000e}{subsection.5.12.2}% 189
\BOOKMARK [3][-]{subsubsection.5.12.2.6}{\376\377\0005\000.\0001\0002\000.\0002\000.\0006\000\040\000F\000i\000l\000e}{subsection.5.12.2}% 190
\BOOKMARK [3][-]{subsubsection.5.12.2.7}{\376\377\0005\000.\0001\0002\000.\0002\000.\0007\000\040\000F\000i\000l\000e}{subsection.5.12.2}% 191
\BOOKMARK [3][-]{subsubsection.5.12.2.8}{\376\377\0005\000.\0001\0002\000.\0002\000.\0008\000\040\000F\000i\000l\000e}{subsection.5.12.2}% 192
\BOOKMARK [3][-]{subsubsection.5.12.2.9}{\376\377\0005\000.\0001\0002\000.\0002\000.\0009\000\040\000F\000i\000l\000e}{subsection.5.12.2}% 193
\BOOKMARK [3][-]{subsubsection.5.12.2.10}{\376\377\0005\000.\0001\0002\000.\0002\000.\0001\0000\000\040\000F\000i\000l\000e}{subsection.5.12.2}% 194
\BOOKMARK [3][-]{subsubsection.5.12.2.11}{\376\377\0005\000.\0001\0002\000.\0002\000.\0001\0001\000\040\000F\000i\000l\000e}{subsection.5.12.2}% 195
\BOOKMARK [3][-]{subsubsection.5.12.2.12}{\376\377\0005\000.\0001\0002\000.\0002\000.\0001\0002\000\040\000F\000i\000l\000e}{subsection.5.12.2}% 196
\BOOKMARK [3][-]{subsubsection.5.12.2.13}{\376\377\0005\000.\0001\0002\000.\0002\000.\0001\0003\000\040\000F\000i\000l\000e}{subsection.5.12.2}% 197
\BOOKMARK [3][-]{subsubsection.5.12.2.14}{\376\377\0005\000.\0001\0002\000.\0002\000.\0001\0004\000\040\000F\000i\000l\000e}{subsection.5.12.2}% 198
\BOOKMARK [3][-]{subsubsection.5.12.2.15}{\376\377\0005\000.\0001\0002\000.\0002\000.\0001\0005\000\040\000F\000i\000l\000e}{subsection.5.12.2}% 199
\BOOKMARK [3][-]{subsubsection.5.12.2.16}{\376\377\0005\000.\0001\0002\000.\0002\000.\0001\0006\000\040\000F\000i\000l\000e}{subsection.5.12.2}% 200
\BOOKMARK [3][-]{subsubsection.5.12.2.17}{\376\377\0005\000.\0001\0002\000.\0002\000.\0001\0007\000\040\000F\000i\000l\000e}{subsection.5.12.2}% 201
\BOOKMARK [3][-]{subsubsection.5.12.2.18}{\376\377\0005\000.\0001\0002\000.\0002\000.\0001\0008\000\040\000F\000i\000l\000e}{subsection.5.12.2}% 202
\BOOKMARK [3][-]{subsubsection.5.12.2.19}{\376\377\0005\000.\0001\0002\000.\0002\000.\0001\0009\000\040\000F\000i\000l\000e}{subsection.5.12.2}% 203
\BOOKMARK [3][-]{subsubsection.5.12.2.20}{\376\377\0005\000.\0001\0002\000.\0002\000.\0002\0000\000\040\000F\000i\000l\000e}{subsection.5.12.2}% 204
\BOOKMARK [3][-]{subsubsection.5.12.2.21}{\376\377\0005\000.\0001\0002\000.\0002\000.\0002\0001\000\040\000F\000i\000l\000e}{subsection.5.12.2}% 205
\BOOKMARK [3][-]{subsubsection.5.12.2.22}{\376\377\0005\000.\0001\0002\000.\0002\000.\0002\0002\000\040\000F\000i\000l\000e}{subsection.5.12.2}% 206
\BOOKMARK [3][-]{subsubsection.5.12.2.23}{\376\377\0005\000.\0001\0002\000.\0002\000.\0002\0003\000\040\000F\000i\000l\000e}{subsection.5.12.2}% 207
\BOOKMARK [3][-]{subsubsection.5.12.2.24}{\376\377\0005\000.\0001\0002\000.\0002\000.\0002\0004\000\040\000F\000i\000l\000e}{subsection.5.12.2}% 208
\BOOKMARK [2][-]{subsection.5.12.3}{\376\377\0005\000.\0001\0002\000.\0003\000\040\000M\000\351\000t\000o\000d\000o\000s}{section.5.12}% 209
\BOOKMARK [3][-]{subsubsection.5.12.3.1}{\376\377\0005\000.\0001\0002\000.\0003\000.\0001\000\040\000C\000o\000m\000p\000l\000e\000t\000e\000F\000i\000l\000e\000N\000a\000m\000e}{subsection.5.12.3}% 210
\BOOKMARK [3][-]{subsubsection.5.12.3.2}{\376\377\0005\000.\0001\0002\000.\0003\000.\0002\000\040\000C\000o\000m\000p\000l\000e\000t\000e\000F\000i\000l\000e\000N\000a\000m\000e}{subsection.5.12.3}% 211
\BOOKMARK [3][-]{subsubsection.5.12.3.3}{\376\377\0005\000.\0001\0002\000.\0003\000.\0003\000\040\000G\000e\000t\000B\000a\000s\000e\000N\000a\000m\000e\000N\000o\000E\000x\000t}{subsection.5.12.3}% 212
\BOOKMARK [3][-]{subsubsection.5.12.3.4}{\376\377\0005\000.\0001\0002\000.\0003\000.\0004\000\040\000G\000e\000t\000S\000i\000z\000e}{subsection.5.12.3}% 213
\BOOKMARK [2][-]{subsection.5.12.4}{\376\377\0005\000.\0001\0002\000.\0004\000\040\000C\000a\000m\000p\000o\000s}{section.5.12}% 214
\BOOKMARK [3][-]{subsubsection.5.12.4.1}{\376\377\0005\000.\0001\0002\000.\0004\000.\0001\000\040\000v\000\137\000e\000n\000c\000o\000d\000i\000n\000g}{subsection.5.12.4}% 215
\BOOKMARK [3][-]{subsubsection.5.12.4.2}{\376\377\0005\000.\0001\0002\000.\0004\000.\0002\000\040\000v\000\137\000e\000x\000t\000e\000n\000s\000i\000o\000n}{subsection.5.12.4}% 216
\BOOKMARK [3][-]{subsubsection.5.12.4.3}{\376\377\0005\000.\0001\0002\000.\0004\000.\0003\000\040\000v\000\137\000f\000i\000l\000e\000t\000y\000p\000e}{subsection.5.12.4}% 217
\BOOKMARK [3][-]{subsubsection.5.12.4.4}{\376\377\0005\000.\0001\0002\000.\0004\000.\0004\000\040\000v\000\137\000h\000i\000d\000d\000e\000n}{subsection.5.12.4}% 218
\BOOKMARK [3][-]{subsubsection.5.12.4.5}{\376\377\0005\000.\0001\0002\000.\0004\000.\0005\000\040\000v\000\137\000i\000d}{subsection.5.12.4}% 219
\BOOKMARK [3][-]{subsubsection.5.12.4.6}{\376\377\0005\000.\0001\0002\000.\0004\000.\0006\000\040\000v\000\137\000l\000a\000s\000t\000w\000r\000i\000t\000e\000d\000a\000t\000e}{subsection.5.12.4}% 220
\BOOKMARK [3][-]{subsubsection.5.12.4.7}{\376\377\0005\000.\0001\0002\000.\0004\000.\0007\000\040\000v\000\137\000n\000a\000m\000e}{subsection.5.12.4}% 221
\BOOKMARK [3][-]{subsubsection.5.12.4.8}{\376\377\0005\000.\0001\0002\000.\0004\000.\0008\000\040\000v\000\137\000p\000a\000g\000e\000n\000u\000m\000b\000e\000r}{subsection.5.12.4}% 222
\BOOKMARK [3][-]{subsubsection.5.12.4.9}{\376\377\0005\000.\0001\0002\000.\0004\000.\0009\000\040\000v\000\137\000p\000a\000r\000e\000n\000t\000i\000d}{subsection.5.12.4}% 223
\BOOKMARK [3][-]{subsubsection.5.12.4.10}{\376\377\0005\000.\0001\0002\000.\0004\000.\0001\0000\000\040\000v\000\137\000p\000a\000t\000h}{subsection.5.12.4}% 224
\BOOKMARK [3][-]{subsubsection.5.12.4.11}{\376\377\0005\000.\0001\0002\000.\0004\000.\0001\0001\000\040\000v\000\137\000p\000a\000t\000h\000s\000e\000p\000a\000r\000a\000t\000o\000r}{subsection.5.12.4}% 225
\BOOKMARK [3][-]{subsubsection.5.12.4.12}{\376\377\0005\000.\0001\0002\000.\0004\000.\0001\0002\000\040\000v\000\137\000p\000r\000o\000t\000e\000c\000t\000e\000d}{subsection.5.12.4}% 226
\BOOKMARK [3][-]{subsubsection.5.12.4.13}{\376\377\0005\000.\0001\0002\000.\0004\000.\0001\0003\000\040\000v\000\137\000s\000i\000z\000e}{subsection.5.12.4}% 227
\BOOKMARK [1][-]{section.5.13}{\376\377\0005\000.\0001\0003\000\040\000R\000e\000f\000e\000r\000\352\000n\000c\000i\000a\000\040\000d\000a\000\040\000C\000l\000a\000s\000s\000e\000\040\000S\000p\000a\000r\000t\000a\000c\000u\000s\000.\000U\000t\000i\000l\000s\000.\000F\000i\000l\000e\000E\000x\000p\000l\000o\000r\000e\000r}{chapter.5}% 228
\BOOKMARK [2][-]{subsection.5.13.1}{\376\377\0005\000.\0001\0003\000.\0001\000\040\000D\000e\000s\000c\000r\000i\000\347\000\343\000o\000\040\000D\000e\000t\000a\000l\000h\000a\000d\000a}{section.5.13}% 229
\BOOKMARK [2][-]{subsection.5.13.2}{\376\377\0005\000.\0001\0003\000.\0002\000\040\000C\000o\000n\000s\000t\000r\000u\000t\000o\000r\000e\000s\000\040\000\046\000\040\000D\000e\000s\000t\000r\000u\000t\000o\000r\000e\000s}{section.5.13}% 230
\BOOKMARK [3][-]{subsubsection.5.13.2.1}{\376\377\0005\000.\0001\0003\000.\0002\000.\0001\000\040\000F\000i\000l\000e\000E\000x\000p\000l\000o\000r\000e\000r}{subsection.5.13.2}% 231
\BOOKMARK [3][-]{subsubsection.5.13.2.2}{\376\377\0005\000.\0001\0003\000.\0002\000.\0002\000\040\000F\000i\000l\000e\000E\000x\000p\000l\000o\000r\000e\000r}{subsection.5.13.2}% 232
\BOOKMARK [3][-]{subsubsection.5.13.2.3}{\376\377\0005\000.\0001\0003\000.\0002\000.\0003\000\040\000F\000i\000l\000e\000E\000x\000p\000l\000o\000r\000e\000r}{subsection.5.13.2}% 233
\BOOKMARK [2][-]{subsection.5.13.3}{\376\377\0005\000.\0001\0003\000.\0003\000\040\000M\000\351\000t\000o\000d\000o\000s}{section.5.13}% 234
\BOOKMARK [3][-]{subsubsection.5.13.3.1}{\376\377\0005\000.\0001\0003\000.\0003\000.\0001\000\040\000C\000o\000m\000p\000r\000e\000s\000s\000D\000i\000r\000e\000c\000t\000o\000r\000y}{subsection.5.13.3}% 235
\BOOKMARK [3][-]{subsubsection.5.13.3.2}{\376\377\0005\000.\0001\0003\000.\0003\000.\0002\000\040\000D\000e\000l\000e\000t\000e}{subsection.5.13.3}% 236
\BOOKMARK [3][-]{subsubsection.5.13.3.3}{\376\377\0005\000.\0001\0003\000.\0003\000.\0003\000\040\000E\000n\000t\000e\000r}{subsection.5.13.3}% 237
\BOOKMARK [3][-]{subsubsection.5.13.3.4}{\376\377\0005\000.\0001\0003\000.\0003\000.\0004\000\040\000F\000i\000l\000t\000e\000r\000A\000l\000l\000A\000t\000t\000r\000i\000b\000u\000t\000e\000s}{subsection.5.13.3}% 238
\BOOKMARK [3][-]{subsubsection.5.13.3.5}{\376\377\0005\000.\0001\0003\000.\0003\000.\0005\000\040\000F\000i\000l\000t\000e\000r\000L\000i\000s\000t}{subsection.5.13.3}% 239
\BOOKMARK [3][-]{subsubsection.5.13.3.6}{\376\377\0005\000.\0001\0003\000.\0003\000.\0006\000\040\000G\000e\000t}{subsection.5.13.3}% 240
\BOOKMARK [3][-]{subsubsection.5.13.3.7}{\376\377\0005\000.\0001\0003\000.\0003\000.\0007\000\040\000L\000i\000s\000t}{subsection.5.13.3}% 241
\BOOKMARK [3][-]{subsubsection.5.13.3.8}{\376\377\0005\000.\0001\0003\000.\0003\000.\0008\000\040\000M\000k\000d\000i\000r}{subsection.5.13.3}% 242
\BOOKMARK [3][-]{subsubsection.5.13.3.9}{\376\377\0005\000.\0001\0003\000.\0003\000.\0009\000\040\000P\000u\000t}{subsection.5.13.3}% 243
\BOOKMARK [3][-]{subsubsection.5.13.3.10}{\376\377\0005\000.\0001\0003\000.\0003\000.\0001\0000\000\040\000R\000e\000t\000u\000r\000n}{subsection.5.13.3}% 244
\BOOKMARK [3][-]{subsubsection.5.13.3.11}{\376\377\0005\000.\0001\0003\000.\0003\000.\0001\0001\000\040\000S\000e\000t\000R\000o\000o\000t}{subsection.5.13.3}% 245
\BOOKMARK [3][-]{subsubsection.5.13.3.12}{\376\377\0005\000.\0001\0003\000.\0003\000.\0001\0002\000\040\000S\000o\000r\000t\000A\000t\000t\000r\000i\000b\000u\000t\000e}{subsection.5.13.3}% 246
\BOOKMARK [3][-]{subsubsection.5.13.3.13}{\376\377\0005\000.\0001\0003\000.\0003\000.\0001\0003\000\040\000S\000p\000l\000i\000t\000I\000n\000t\000o\000P\000a\000g\000e\000s}{subsection.5.13.3}% 247
\BOOKMARK [2][-]{subsection.5.13.4}{\376\377\0005\000.\0001\0003\000.\0004\000\040\000C\000a\000m\000p\000o\000s}{section.5.13}% 248
\BOOKMARK [3][-]{subsubsection.5.13.4.1}{\376\377\0005\000.\0001\0003\000.\0004\000.\0001\000\040\000v\000\137\000c\000u\000r\000r\000e\000n\000t}{subsection.5.13.4}% 249
\BOOKMARK [3][-]{subsubsection.5.13.4.2}{\376\377\0005\000.\0001\0003\000.\0004\000.\0002\000\040\000v\000\137\000c\000u\000r\000r\000e\000n\000t\000l\000e\000v\000e\000l}{subsection.5.13.4}% 250
\BOOKMARK [3][-]{subsubsection.5.13.4.3}{\376\377\0005\000.\0001\0003\000.\0004\000.\0003\000\040\000v\000\137\000f\000i\000l\000e\000s}{subsection.5.13.4}% 251
\BOOKMARK [3][-]{subsubsection.5.13.4.4}{\376\377\0005\000.\0001\0003\000.\0004\000.\0004\000\040\000v\000\137\000f\000i\000l\000e\000s\000o\000r\000i\000g}{subsection.5.13.4}% 252
\BOOKMARK [3][-]{subsubsection.5.13.4.5}{\376\377\0005\000.\0001\0003\000.\0004\000.\0005\000\040\000v\000\137\000n\000u\000m\000f\000i\000l\000e\000s\000p\000e\000r\000p\000a\000g\000e}{subsection.5.13.4}% 253
\BOOKMARK [3][-]{subsubsection.5.13.4.6}{\376\377\0005\000.\0001\0003\000.\0004\000.\0006\000\040\000v\000\137\000n\000u\000m\000p\000a\000g\000e\000s}{subsection.5.13.4}% 254
\BOOKMARK [3][-]{subsubsection.5.13.4.7}{\376\377\0005\000.\0001\0003\000.\0004\000.\0007\000\040\000v\000\137\000p\000a\000t\000h\000s\000e\000p\000a\000r\000a\000t\000o\000r}{subsection.5.13.4}% 255
\BOOKMARK [3][-]{subsubsection.5.13.4.8}{\376\377\0005\000.\0001\0003\000.\0004\000.\0008\000\040\000v\000\137\000p\000r\000o\000t\000e\000c\000t\000e\000d\000m\000i\000n\000l\000e\000v\000e\000l}{subsection.5.13.4}% 256
\BOOKMARK [3][-]{subsubsection.5.13.4.9}{\376\377\0005\000.\0001\0003\000.\0004\000.\0009\000\040\000v\000\137\000p\000r\000o\000t\000e\000c\000t\000p\000a\000t\000t\000e\000r\000n}{subsection.5.13.4}% 257
\BOOKMARK [3][-]{subsubsection.5.13.4.10}{\376\377\0005\000.\0001\0003\000.\0004\000.\0001\0000\000\040\000v\000\137\000r\000o\000o\000t}{subsection.5.13.4}% 258
\BOOKMARK [3][-]{subsubsection.5.13.4.11}{\376\377\0005\000.\0001\0003\000.\0004\000.\0001\0001\000\040\000v\000\137\000s\000h\000o\000w\000h\000i\000d\000d\000e\000n\000f\000i\000l\000e\000s}{subsection.5.13.4}% 259
\BOOKMARK [3][-]{subsubsection.5.13.4.12}{\376\377\0005\000.\0001\0003\000.\0004\000.\0001\0002\000\040\000v\000\137\000s\000h\000o\000w\000p\000r\000o\000t\000e\000c\000t\000p\000a\000t\000t\000e\000r\000n}{subsection.5.13.4}% 260
\BOOKMARK [1][-]{section.5.14}{\376\377\0005\000.\0001\0004\000\040\000R\000e\000f\000e\000r\000\352\000n\000c\000i\000a\000\040\000d\000a\000\040\000C\000l\000a\000s\000s\000e\000\040\000S\000p\000a\000r\000t\000a\000c\000u\000s\000.\000D\000a\000t\000a\000b\000a\000s\000e\000.\000F\000i\000r\000e\000b\000i\000r\000d}{chapter.5}% 261
\BOOKMARK [2][-]{subsection.5.14.1}{\376\377\0005\000.\0001\0004\000.\0001\000\040\000D\000e\000s\000c\000r\000i\000\347\000\343\000o\000\040\000D\000e\000t\000a\000l\000h\000a\000d\000a}{section.5.14}% 262
\BOOKMARK [2][-]{subsection.5.14.2}{\376\377\0005\000.\0001\0004\000.\0002\000\040\000C\000o\000n\000s\000t\000r\000u\000t\000o\000r\000e\000s\000\040\000\046\000\040\000D\000e\000s\000t\000r\000u\000t\000o\000r\000e\000s}{section.5.14}% 263
\BOOKMARK [3][-]{subsubsection.5.14.2.1}{\376\377\0005\000.\0001\0004\000.\0002\000.\0001\000\040\000F\000i\000r\000e\000b\000i\000r\000d}{subsection.5.14.2}% 264
\BOOKMARK [2][-]{subsection.5.14.3}{\376\377\0005\000.\0001\0004\000.\0003\000\040\000M\000\351\000t\000o\000d\000o\000s}{section.5.14}% 265
\BOOKMARK [3][-]{subsubsection.5.14.3.1}{\376\377\0005\000.\0001\0004\000.\0003\000.\0001\000\040\000C\000o\000n\000n\000e\000c\000t}{subsection.5.14.3}% 266
\BOOKMARK [3][-]{subsubsection.5.14.3.2}{\376\377\0005\000.\0001\0004\000.\0003\000.\0002\000\040\000D\000i\000s\000c\000o\000n\000n\000e\000c\000t}{subsection.5.14.3}% 267
\BOOKMARK [3][-]{subsubsection.5.14.3.3}{\376\377\0005\000.\0001\0004\000.\0003\000.\0003\000\040\000E\000x\000e\000c\000u\000t\000e}{subsection.5.14.3}% 268
\BOOKMARK [3][-]{subsubsection.5.14.3.4}{\376\377\0005\000.\0001\0004\000.\0003\000.\0004\000\040\000E\000x\000e\000c\000u\000t\000e\000S\000c\000a\000l\000a\000r}{subsection.5.14.3}% 269
\BOOKMARK [3][-]{subsubsection.5.14.3.5}{\376\377\0005\000.\0001\0004\000.\0003\000.\0005\000\040\000Q\000u\000e\000r\000y}{subsection.5.14.3}% 270
\BOOKMARK [3][-]{subsubsection.5.14.3.6}{\376\377\0005\000.\0001\0004\000.\0003\000.\0006\000\040\000Q\000u\000e\000r\000y}{subsection.5.14.3}% 271
\BOOKMARK [2][-]{subsection.5.14.4}{\376\377\0005\000.\0001\0004\000.\0004\000\040\000C\000a\000m\000p\000o\000s}{section.5.14}% 272
\BOOKMARK [3][-]{subsubsection.5.14.4.1}{\376\377\0005\000.\0001\0004\000.\0004\000.\0001\000\040\000v\000\137\000c\000o\000n\000n\000e\000c\000t\000i\000o\000n\000s\000t\000r\000i\000n\000g}{subsection.5.14.4}% 273
\BOOKMARK [1][-]{section.5.15}{\376\377\0005\000.\0001\0005\000\040\000R\000e\000f\000e\000r\000\352\000n\000c\000i\000a\000\040\000d\000a\000\040\000C\000l\000a\000s\000s\000e\000\040\000S\000p\000a\000r\000t\000a\000c\000u\000s\000.\000R\000e\000p\000o\000r\000t\000i\000n\000g\000.\000F\000o\000n\000t}{chapter.5}% 274
\BOOKMARK [2][-]{subsection.5.15.1}{\376\377\0005\000.\0001\0005\000.\0001\000\040\000D\000e\000s\000c\000r\000i\000\347\000\343\000o\000\040\000D\000e\000t\000a\000l\000h\000a\000d\000a}{section.5.15}% 275
\BOOKMARK [2][-]{subsection.5.15.2}{\376\377\0005\000.\0001\0005\000.\0002\000\040\000C\000o\000n\000s\000t\000r\000u\000t\000o\000r\000e\000s\000\040\000\046\000\040\000D\000e\000s\000t\000r\000u\000t\000o\000r\000e\000s}{section.5.15}% 276
\BOOKMARK [3][-]{subsubsection.5.15.2.1}{\376\377\0005\000.\0001\0005\000.\0002\000.\0001\000\040\000F\000o\000n\000t}{subsection.5.15.2}% 277
\BOOKMARK [2][-]{subsection.5.15.3}{\376\377\0005\000.\0001\0005\000.\0003\000\040\000M\000\351\000t\000o\000d\000o\000s}{section.5.15}% 278
\BOOKMARK [3][-]{subsubsection.5.15.3.1}{\376\377\0005\000.\0001\0005\000.\0003\000.\0001\000\040\000G\000e\000t\000F\000o\000n\000t}{subsection.5.15.3}% 279
\BOOKMARK [3][-]{subsubsection.5.15.3.2}{\376\377\0005\000.\0001\0005\000.\0003\000.\0002\000\040\000S\000e\000t\000F\000a\000m\000i\000l\000y}{subsection.5.15.3}% 280
\BOOKMARK [3][-]{subsubsection.5.15.3.3}{\376\377\0005\000.\0001\0005\000.\0003\000.\0003\000\040\000S\000e\000t\000S\000i\000z\000e}{subsection.5.15.3}% 281
\BOOKMARK [2][-]{subsection.5.15.4}{\376\377\0005\000.\0001\0005\000.\0004\000\040\000C\000a\000m\000p\000o\000s}{section.5.15}% 282
\BOOKMARK [3][-]{subsubsection.5.15.4.1}{\376\377\0005\000.\0001\0005\000.\0004\000.\0001\000\040\000v\000\137\000b\000o\000l\000d}{subsection.5.15.4}% 283
\BOOKMARK [3][-]{subsubsection.5.15.4.2}{\376\377\0005\000.\0001\0005\000.\0004\000.\0002\000\040\000v\000\137\000f\000a\000m\000i\000l\000y}{subsection.5.15.4}% 284
\BOOKMARK [3][-]{subsubsection.5.15.4.3}{\376\377\0005\000.\0001\0005\000.\0004\000.\0003\000\040\000v\000\137\000i\000t\000a\000l\000i\000c}{subsection.5.15.4}% 285
\BOOKMARK [3][-]{subsubsection.5.15.4.4}{\376\377\0005\000.\0001\0005\000.\0004\000.\0004\000\040\000v\000\137\000s\000i\000z\000e}{subsection.5.15.4}% 286
\BOOKMARK [1][-]{section.5.16}{\376\377\0005\000.\0001\0006\000\040\000R\000e\000f\000e\000r\000\352\000n\000c\000i\000a\000\040\000d\000a\000\040\000C\000l\000a\000s\000s\000e\000\040\000S\000p\000a\000r\000t\000a\000c\000u\000s\000.\000D\000a\000t\000a\000b\000a\000s\000e\000.\000G\000e\000n\000e\000r\000i\000c}{chapter.5}% 287
\BOOKMARK [2][-]{subsection.5.16.1}{\376\377\0005\000.\0001\0006\000.\0001\000\040\000D\000e\000s\000c\000r\000i\000\347\000\343\000o\000\040\000D\000e\000t\000a\000l\000h\000a\000d\000a}{section.5.16}% 288
\BOOKMARK [2][-]{subsection.5.16.2}{\376\377\0005\000.\0001\0006\000.\0002\000\040\000C\000o\000n\000s\000t\000r\000u\000t\000o\000r\000e\000s\000\040\000\046\000\040\000D\000e\000s\000t\000r\000u\000t\000o\000r\000e\000s}{section.5.16}% 289
\BOOKMARK [3][-]{subsubsection.5.16.2.1}{\376\377\0005\000.\0001\0006\000.\0002\000.\0001\000\040\000G\000e\000n\000e\000r\000i\000c}{subsection.5.16.2}% 290
\BOOKMARK [3][-]{subsubsection.5.16.2.2}{\376\377\0005\000.\0001\0006\000.\0002\000.\0002\000\040\000G\000e\000n\000e\000r\000i\000c}{subsection.5.16.2}% 291
\BOOKMARK [3][-]{subsubsection.5.16.2.3}{\376\377\0005\000.\0001\0006\000.\0002\000.\0003\000\040\000G\000e\000n\000e\000r\000i\000c}{subsection.5.16.2}% 292
\BOOKMARK [2][-]{subsection.5.16.3}{\376\377\0005\000.\0001\0006\000.\0003\000\040\000M\000\351\000t\000o\000d\000o\000s}{section.5.16}% 293
\BOOKMARK [3][-]{subsubsection.5.16.3.1}{\376\377\0005\000.\0001\0006\000.\0003\000.\0001\000\040\000C\000o\000n\000n\000e\000c\000t}{subsection.5.16.3}% 294
\BOOKMARK [3][-]{subsubsection.5.16.3.2}{\376\377\0005\000.\0001\0006\000.\0003\000.\0002\000\040\000D\000i\000s\000c\000o\000n\000n\000e\000c\000t}{subsection.5.16.3}% 295
\BOOKMARK [3][-]{subsubsection.5.16.3.3}{\376\377\0005\000.\0001\0006\000.\0003\000.\0003\000\040\000E\000x\000e\000c\000u\000t\000e}{subsection.5.16.3}% 296
\BOOKMARK [3][-]{subsubsection.5.16.3.4}{\376\377\0005\000.\0001\0006\000.\0003\000.\0004\000\040\000E\000x\000e\000c\000u\000t\000e\000S\000c\000a\000l\000a\000r}{subsection.5.16.3}% 297
\BOOKMARK [3][-]{subsubsection.5.16.3.5}{\376\377\0005\000.\0001\0006\000.\0003\000.\0005\000\040\000Q\000u\000e\000r\000y}{subsection.5.16.3}% 298
\BOOKMARK [3][-]{subsubsection.5.16.3.6}{\376\377\0005\000.\0001\0006\000.\0003\000.\0006\000\040\000Q\000u\000e\000r\000y}{subsection.5.16.3}% 299
\BOOKMARK [2][-]{subsection.5.16.4}{\376\377\0005\000.\0001\0006\000.\0004\000\040\000C\000a\000m\000p\000o\000s}{section.5.16}% 300
\BOOKMARK [3][-]{subsubsection.5.16.4.1}{\376\377\0005\000.\0001\0006\000.\0004\000.\0001\000\040\000v\000\137\000d\000s\000n}{subsection.5.16.4}% 301
\BOOKMARK [3][-]{subsubsection.5.16.4.2}{\376\377\0005\000.\0001\0006\000.\0004\000.\0002\000\040\000v\000\137\000f\000i\000l\000e}{subsection.5.16.4}% 302
\BOOKMARK [3][-]{subsubsection.5.16.4.3}{\376\377\0005\000.\0001\0006\000.\0004\000.\0003\000\040\000v\000\137\000h\000o\000s\000t}{subsection.5.16.4}% 303
\BOOKMARK [3][-]{subsubsection.5.16.4.4}{\376\377\0005\000.\0001\0006\000.\0004\000.\0004\000\040\000v\000\137\000p\000a\000s\000s\000w\000o\000r\000d}{subsection.5.16.4}% 304
\BOOKMARK [3][-]{subsubsection.5.16.4.5}{\376\377\0005\000.\0001\0006\000.\0004\000.\0005\000\040\000v\000\137\000p\000o\000r\000t}{subsection.5.16.4}% 305
\BOOKMARK [3][-]{subsubsection.5.16.4.6}{\376\377\0005\000.\0001\0006\000.\0004\000.\0006\000\040\000v\000\137\000s\000e\000r\000v\000i\000c\000e}{subsection.5.16.4}% 306
\BOOKMARK [3][-]{subsubsection.5.16.4.7}{\376\377\0005\000.\0001\0006\000.\0004\000.\0007\000\040\000v\000\137\000u\000s\000e\000r}{subsection.5.16.4}% 307
\BOOKMARK [1][-]{section.5.17}{\376\377\0005\000.\0001\0007\000\040\000R\000e\000f\000e\000r\000\352\000n\000c\000i\000a\000\040\000d\000a\000\040\000C\000l\000a\000s\000s\000e\000\040\000S\000p\000a\000r\000t\000a\000c\000u\000s\000.\000R\000e\000p\000o\000r\000t\000i\000n\000g\000.\000G\000r\000o\000u\000p}{chapter.5}% 308
\BOOKMARK [2][-]{subsection.5.17.1}{\376\377\0005\000.\0001\0007\000.\0001\000\040\000D\000e\000s\000c\000r\000i\000\347\000\343\000o\000\040\000D\000e\000t\000a\000l\000h\000a\000d\000a}{section.5.17}% 309
\BOOKMARK [2][-]{subsection.5.17.2}{\376\377\0005\000.\0001\0007\000.\0002\000\040\000C\000o\000n\000s\000t\000r\000u\000t\000o\000r\000e\000s\000\040\000\046\000\040\000D\000e\000s\000t\000r\000u\000t\000o\000r\000e\000s}{section.5.17}% 310
\BOOKMARK [3][-]{subsubsection.5.17.2.1}{\376\377\0005\000.\0001\0007\000.\0002\000.\0001\000\040\000G\000r\000o\000u\000p}{subsection.5.17.2}% 311
\BOOKMARK [2][-]{subsection.5.17.3}{\376\377\0005\000.\0001\0007\000.\0003\000\040\000M\000\351\000t\000o\000d\000o\000s}{section.5.17}% 312
\BOOKMARK [3][-]{subsubsection.5.17.3.1}{\376\377\0005\000.\0001\0007\000.\0003\000.\0001\000\040\000B\000u\000i\000l\000d}{subsection.5.17.3}% 313
\BOOKMARK [2][-]{subsection.5.17.4}{\376\377\0005\000.\0001\0007\000.\0004\000\040\000C\000a\000m\000p\000o\000s}{section.5.17}% 314
\BOOKMARK [3][-]{subsubsection.5.17.4.1}{\376\377\0005\000.\0001\0007\000.\0004\000.\0001\000\040\000v\000\137\000c\000o\000l\000u\000m\000n}{subsection.5.17.4}% 315
\BOOKMARK [3][-]{subsubsection.5.17.4.2}{\376\377\0005\000.\0001\0007\000.\0004\000.\0002\000\040\000v\000\137\000f\000o\000o\000t\000e\000r\000f\000i\000e\000l\000d\000s}{subsection.5.17.4}% 316
\BOOKMARK [3][-]{subsubsection.5.17.4.3}{\376\377\0005\000.\0001\0007\000.\0004\000.\0003\000\040\000v\000\137\000h\000e\000a\000d\000e\000r\000f\000i\000e\000l\000d\000s}{subsection.5.17.4}% 317
\BOOKMARK [3][-]{subsubsection.5.17.4.4}{\376\377\0005\000.\0001\0007\000.\0004\000.\0004\000\040\000v\000\137\000l\000e\000v\000e\000l}{subsection.5.17.4}% 318
\BOOKMARK [3][-]{subsubsection.5.17.4.5}{\376\377\0005\000.\0001\0007\000.\0004\000.\0005\000\040\000v\000\137\000s\000h\000o\000w\000f\000o\000o\000t\000e\000r}{subsection.5.17.4}% 319
\BOOKMARK [3][-]{subsubsection.5.17.4.6}{\376\377\0005\000.\0001\0007\000.\0004\000.\0006\000\040\000v\000\137\000s\000h\000o\000w\000h\000e\000a\000d\000e\000r}{subsection.5.17.4}% 320
\BOOKMARK [3][-]{subsubsection.5.17.4.7}{\376\377\0005\000.\0001\0007\000.\0004\000.\0007\000\040\000v\000\137\000s\000o\000r\000t}{subsection.5.17.4}% 321
\BOOKMARK [3][-]{subsubsection.5.17.4.8}{\376\377\0005\000.\0001\0007\000.\0004\000.\0008\000\040\000v\000\137\000t\000a\000b\000l\000e}{subsection.5.17.4}% 322
\BOOKMARK [1][-]{section.5.18}{\376\377\0005\000.\0001\0008\000\040\000R\000e\000f\000e\000r\000\352\000n\000c\000i\000a\000\040\000d\000a\000\040\000C\000l\000a\000s\000s\000e\000\040\000S\000p\000a\000r\000t\000a\000c\000u\000s\000.\000D\000a\000t\000a\000b\000a\000s\000e\000.\000M\000y\000s\000q\000l}{chapter.5}% 323
\BOOKMARK [2][-]{subsection.5.18.1}{\376\377\0005\000.\0001\0008\000.\0001\000\040\000D\000e\000s\000c\000r\000i\000\347\000\343\000o\000\040\000D\000e\000t\000a\000l\000h\000a\000d\000a}{section.5.18}% 324
\BOOKMARK [2][-]{subsection.5.18.2}{\376\377\0005\000.\0001\0008\000.\0002\000\040\000C\000o\000n\000s\000t\000r\000u\000t\000o\000r\000e\000s\000\040\000\046\000\040\000D\000e\000s\000t\000r\000u\000t\000o\000r\000e\000s}{section.5.18}% 325
\BOOKMARK [3][-]{subsubsection.5.18.2.1}{\376\377\0005\000.\0001\0008\000.\0002\000.\0001\000\040\000M\000y\000s\000q\000l}{subsection.5.18.2}% 326
\BOOKMARK [2][-]{subsection.5.18.3}{\376\377\0005\000.\0001\0008\000.\0003\000\040\000M\000\351\000t\000o\000d\000o\000s}{section.5.18}% 327
\BOOKMARK [3][-]{subsubsection.5.18.3.1}{\376\377\0005\000.\0001\0008\000.\0003\000.\0001\000\040\000C\000o\000n\000n\000e\000c\000t}{subsection.5.18.3}% 328
\BOOKMARK [3][-]{subsubsection.5.18.3.2}{\376\377\0005\000.\0001\0008\000.\0003\000.\0002\000\040\000D\000i\000s\000c\000o\000n\000n\000e\000c\000t}{subsection.5.18.3}% 329
\BOOKMARK [3][-]{subsubsection.5.18.3.3}{\376\377\0005\000.\0001\0008\000.\0003\000.\0003\000\040\000E\000x\000e\000c\000u\000t\000e}{subsection.5.18.3}% 330
\BOOKMARK [3][-]{subsubsection.5.18.3.4}{\376\377\0005\000.\0001\0008\000.\0003\000.\0004\000\040\000E\000x\000e\000c\000u\000t\000e\000S\000c\000a\000l\000a\000r}{subsection.5.18.3}% 331
\BOOKMARK [3][-]{subsubsection.5.18.3.5}{\376\377\0005\000.\0001\0008\000.\0003\000.\0005\000\040\000Q\000u\000e\000r\000y}{subsection.5.18.3}% 332
\BOOKMARK [3][-]{subsubsection.5.18.3.6}{\376\377\0005\000.\0001\0008\000.\0003\000.\0006\000\040\000Q\000u\000e\000r\000y}{subsection.5.18.3}% 333
\BOOKMARK [2][-]{subsection.5.18.4}{\376\377\0005\000.\0001\0008\000.\0004\000\040\000C\000a\000m\000p\000o\000s}{section.5.18}% 334
\BOOKMARK [3][-]{subsubsection.5.18.4.1}{\376\377\0005\000.\0001\0008\000.\0004\000.\0001\000\040\000v\000\137\000c\000o\000n\000n\000e\000c\000t\000i\000o\000n\000s\000t\000r\000i\000n\000g}{subsection.5.18.4}% 335
\BOOKMARK [1][-]{section.5.19}{\376\377\0005\000.\0001\0009\000\040\000R\000e\000f\000e\000r\000\352\000n\000c\000i\000a\000\040\000d\000a\000\040\000C\000l\000a\000s\000s\000e\000\040\000S\000p\000a\000r\000t\000a\000c\000u\000s\000.\000R\000e\000p\000o\000r\000t\000i\000n\000g\000.\000O\000b\000j\000e\000c\000t}{chapter.5}% 336
\BOOKMARK [2][-]{subsection.5.19.1}{\376\377\0005\000.\0001\0009\000.\0001\000\040\000D\000e\000s\000c\000r\000i\000\347\000\343\000o\000\040\000D\000e\000t\000a\000l\000h\000a\000d\000a}{section.5.19}% 337
\BOOKMARK [2][-]{subsection.5.19.2}{\376\377\0005\000.\0001\0009\000.\0002\000\040\000C\000o\000n\000s\000t\000r\000u\000t\000o\000r\000e\000s\000\040\000\046\000\040\000D\000e\000s\000t\000r\000u\000t\000o\000r\000e\000s}{section.5.19}% 338
\BOOKMARK [3][-]{subsubsection.5.19.2.1}{\376\377\0005\000.\0001\0009\000.\0002\000.\0001\000\040\000O\000b\000j\000e\000c\000t}{subsection.5.19.2}% 339
\BOOKMARK [2][-]{subsection.5.19.3}{\376\377\0005\000.\0001\0009\000.\0003\000\040\000M\000\351\000t\000o\000d\000o\000s}{section.5.19}% 340
\BOOKMARK [3][-]{subsubsection.5.19.3.1}{\376\377\0005\000.\0001\0009\000.\0003\000.\0001\000\040\000S\000e\000t\000P\000o\000s\000X}{subsection.5.19.3}% 341
\BOOKMARK [3][-]{subsubsection.5.19.3.2}{\376\377\0005\000.\0001\0009\000.\0003\000.\0002\000\040\000S\000e\000t\000P\000o\000s\000Y}{subsection.5.19.3}% 342
\BOOKMARK [2][-]{subsection.5.19.4}{\376\377\0005\000.\0001\0009\000.\0004\000\040\000C\000a\000m\000p\000o\000s}{section.5.19}% 343
\BOOKMARK [3][-]{subsubsection.5.19.4.1}{\376\377\0005\000.\0001\0009\000.\0004\000.\0001\000\040\000v\000\137\000a\000l\000i\000g\000n}{subsection.5.19.4}% 344
\BOOKMARK [3][-]{subsubsection.5.19.4.2}{\376\377\0005\000.\0001\0009\000.\0004\000.\0002\000\040\000v\000\137\000c\000o\000l\000u\000m\000n}{subsection.5.19.4}% 345
\BOOKMARK [3][-]{subsubsection.5.19.4.3}{\376\377\0005\000.\0001\0009\000.\0004\000.\0003\000\040\000v\000\137\000p\000o\000s\000x}{subsection.5.19.4}% 346
\BOOKMARK [3][-]{subsubsection.5.19.4.4}{\376\377\0005\000.\0001\0009\000.\0004\000.\0004\000\040\000v\000\137\000p\000o\000s\000y}{subsection.5.19.4}% 347
\BOOKMARK [3][-]{subsubsection.5.19.4.5}{\376\377\0005\000.\0001\0009\000.\0004\000.\0005\000\040\000v\000\137\000t\000y\000p\000e}{subsection.5.19.4}% 348
\BOOKMARK [3][-]{subsubsection.5.19.4.6}{\376\377\0005\000.\0001\0009\000.\0004\000.\0006\000\040\000v\000\137\000v\000a\000l\000u\000e}{subsection.5.19.4}% 349
\BOOKMARK [1][-]{section.5.20}{\376\377\0005\000.\0002\0000\000\040\000R\000e\000f\000e\000r\000\352\000n\000c\000i\000a\000\040\000d\000a\000\040\000C\000l\000a\000s\000s\000e\000\040\000S\000p\000a\000r\000t\000a\000c\000u\000s\000.\000D\000a\000t\000a\000b\000a\000s\000e\000.\000O\000d\000b\000c}{chapter.5}% 350
\BOOKMARK [2][-]{subsection.5.20.1}{\376\377\0005\000.\0002\0000\000.\0001\000\040\000D\000e\000s\000c\000r\000i\000\347\000\343\000o\000\040\000D\000e\000t\000a\000l\000h\000a\000d\000a}{section.5.20}% 351
\BOOKMARK [2][-]{subsection.5.20.2}{\376\377\0005\000.\0002\0000\000.\0002\000\040\000C\000o\000n\000s\000t\000r\000u\000t\000o\000r\000e\000s\000\040\000\046\000\040\000D\000e\000s\000t\000r\000u\000t\000o\000r\000e\000s}{section.5.20}% 352
\BOOKMARK [3][-]{subsubsection.5.20.2.1}{\376\377\0005\000.\0002\0000\000.\0002\000.\0001\000\040\000O\000d\000b\000c}{subsection.5.20.2}% 353
\BOOKMARK [2][-]{subsection.5.20.3}{\376\377\0005\000.\0002\0000\000.\0003\000\040\000M\000\351\000t\000o\000d\000o\000s}{section.5.20}% 354
\BOOKMARK [3][-]{subsubsection.5.20.3.1}{\376\377\0005\000.\0002\0000\000.\0003\000.\0001\000\040\000C\000o\000n\000n\000e\000c\000t}{subsection.5.20.3}% 355
\BOOKMARK [3][-]{subsubsection.5.20.3.2}{\376\377\0005\000.\0002\0000\000.\0003\000.\0002\000\040\000D\000i\000s\000c\000o\000n\000n\000e\000c\000t}{subsection.5.20.3}% 356
\BOOKMARK [3][-]{subsubsection.5.20.3.3}{\376\377\0005\000.\0002\0000\000.\0003\000.\0003\000\040\000E\000x\000e\000c\000u\000t\000e}{subsection.5.20.3}% 357
\BOOKMARK [3][-]{subsubsection.5.20.3.4}{\376\377\0005\000.\0002\0000\000.\0003\000.\0004\000\040\000E\000x\000e\000c\000u\000t\000e\000S\000c\000a\000l\000a\000r}{subsection.5.20.3}% 358
\BOOKMARK [3][-]{subsubsection.5.20.3.5}{\376\377\0005\000.\0002\0000\000.\0003\000.\0005\000\040\000Q\000u\000e\000r\000y}{subsection.5.20.3}% 359
\BOOKMARK [3][-]{subsubsection.5.20.3.6}{\376\377\0005\000.\0002\0000\000.\0003\000.\0006\000\040\000Q\000u\000e\000r\000y}{subsection.5.20.3}% 360
\BOOKMARK [2][-]{subsection.5.20.4}{\376\377\0005\000.\0002\0000\000.\0004\000\040\000C\000a\000m\000p\000o\000s}{section.5.20}% 361
\BOOKMARK [3][-]{subsubsection.5.20.4.1}{\376\377\0005\000.\0002\0000\000.\0004\000.\0001\000\040\000v\000\137\000c\000o\000n\000n\000e\000c\000t\000i\000o\000n\000s\000t\000r\000i\000n\000g}{subsection.5.20.4}% 362
\BOOKMARK [1][-]{section.5.21}{\376\377\0005\000.\0002\0001\000\040\000R\000e\000f\000e\000r\000\352\000n\000c\000i\000a\000\040\000d\000a\000\040\000C\000l\000a\000s\000s\000e\000\040\000S\000p\000a\000r\000t\000a\000c\000u\000s\000.\000D\000a\000t\000a\000b\000a\000s\000e\000.\000O\000l\000e\000d\000b}{chapter.5}% 363
\BOOKMARK [2][-]{subsection.5.21.1}{\376\377\0005\000.\0002\0001\000.\0001\000\040\000D\000e\000s\000c\000r\000i\000\347\000\343\000o\000\040\000D\000e\000t\000a\000l\000h\000a\000d\000a}{section.5.21}% 364
\BOOKMARK [2][-]{subsection.5.21.2}{\376\377\0005\000.\0002\0001\000.\0002\000\040\000C\000o\000n\000s\000t\000r\000u\000t\000o\000r\000e\000s\000\040\000\046\000\040\000D\000e\000s\000t\000r\000u\000t\000o\000r\000e\000s}{section.5.21}% 365
\BOOKMARK [3][-]{subsubsection.5.21.2.1}{\376\377\0005\000.\0002\0001\000.\0002\000.\0001\000\040\000O\000l\000e\000d\000b}{subsection.5.21.2}% 366
\BOOKMARK [2][-]{subsection.5.21.3}{\376\377\0005\000.\0002\0001\000.\0003\000\040\000M\000\351\000t\000o\000d\000o\000s}{section.5.21}% 367
\BOOKMARK [3][-]{subsubsection.5.21.3.1}{\376\377\0005\000.\0002\0001\000.\0003\000.\0001\000\040\000C\000o\000n\000n\000e\000c\000t}{subsection.5.21.3}% 368
\BOOKMARK [3][-]{subsubsection.5.21.3.2}{\376\377\0005\000.\0002\0001\000.\0003\000.\0002\000\040\000D\000i\000s\000c\000o\000n\000n\000e\000c\000t}{subsection.5.21.3}% 369
\BOOKMARK [3][-]{subsubsection.5.21.3.3}{\376\377\0005\000.\0002\0001\000.\0003\000.\0003\000\040\000E\000x\000e\000c\000u\000t\000e}{subsection.5.21.3}% 370
\BOOKMARK [3][-]{subsubsection.5.21.3.4}{\376\377\0005\000.\0002\0001\000.\0003\000.\0004\000\040\000E\000x\000e\000c\000u\000t\000e\000S\000c\000a\000l\000a\000r}{subsection.5.21.3}% 371
\BOOKMARK [3][-]{subsubsection.5.21.3.5}{\376\377\0005\000.\0002\0001\000.\0003\000.\0005\000\040\000Q\000u\000e\000r\000y}{subsection.5.21.3}% 372
\BOOKMARK [3][-]{subsubsection.5.21.3.6}{\376\377\0005\000.\0002\0001\000.\0003\000.\0006\000\040\000Q\000u\000e\000r\000y}{subsection.5.21.3}% 373
\BOOKMARK [2][-]{subsection.5.21.4}{\376\377\0005\000.\0002\0001\000.\0004\000\040\000C\000a\000m\000p\000o\000s}{section.5.21}% 374
\BOOKMARK [3][-]{subsubsection.5.21.4.1}{\376\377\0005\000.\0002\0001\000.\0004\000.\0001\000\040\000v\000\137\000c\000o\000n\000n\000e\000c\000t\000i\000o\000n\000s\000t\000r\000i\000n\000g}{subsection.5.21.4}% 375
\BOOKMARK [1][-]{section.5.22}{\376\377\0005\000.\0002\0002\000\040\000R\000e\000f\000e\000r\000\352\000n\000c\000i\000a\000\040\000d\000a\000\040\000C\000l\000a\000s\000s\000e\000\040\000S\000p\000a\000r\000t\000a\000c\000u\000s\000.\000D\000a\000t\000a\000b\000a\000s\000e\000.\000P\000a\000r\000a\000m\000e\000t\000e\000r}{chapter.5}% 376
\BOOKMARK [2][-]{subsection.5.22.1}{\376\377\0005\000.\0002\0002\000.\0001\000\040\000D\000e\000s\000c\000r\000i\000\347\000\343\000o\000\040\000D\000e\000t\000a\000l\000h\000a\000d\000a}{section.5.22}% 377
\BOOKMARK [2][-]{subsection.5.22.2}{\376\377\0005\000.\0002\0002\000.\0002\000\040\000C\000o\000n\000s\000t\000r\000u\000t\000o\000r\000e\000s\000\040\000\046\000\040\000D\000e\000s\000t\000r\000u\000t\000o\000r\000e\000s}{section.5.22}% 378
\BOOKMARK [3][-]{subsubsection.5.22.2.1}{\376\377\0005\000.\0002\0002\000.\0002\000.\0001\000\040\000P\000a\000r\000a\000m\000e\000t\000e\000r}{subsection.5.22.2}% 379
\BOOKMARK [2][-]{subsection.5.22.3}{\376\377\0005\000.\0002\0002\000.\0003\000\040\000M\000\351\000t\000o\000d\000o\000s}{section.5.22}% 380
\BOOKMARK [3][-]{subsubsection.5.22.3.1}{\376\377\0005\000.\0002\0002\000.\0003\000.\0001\000\040\000T\000e\000x\000t}{subsection.5.22.3}% 381
\BOOKMARK [2][-]{subsection.5.22.4}{\376\377\0005\000.\0002\0002\000.\0004\000\040\000C\000a\000m\000p\000o\000s}{section.5.22}% 382
\BOOKMARK [3][-]{subsubsection.5.22.4.1}{\376\377\0005\000.\0002\0002\000.\0004\000.\0001\000\040\000v\000\137\000d\000a\000t\000e\000f\000o\000r\000m\000a\000t}{subsection.5.22.4}% 383
\BOOKMARK [3][-]{subsubsection.5.22.4.2}{\376\377\0005\000.\0002\0002\000.\0004\000.\0002\000\040\000v\000\137\000d\000e\000s\000c\000r\000i\000p\000t\000i\000o\000n}{subsection.5.22.4}% 384
\BOOKMARK [3][-]{subsubsection.5.22.4.3}{\376\377\0005\000.\0002\0002\000.\0004\000.\0003\000\040\000v\000\137\000l\000o\000c\000a\000l\000e}{subsection.5.22.4}% 385
\BOOKMARK [3][-]{subsubsection.5.22.4.4}{\376\377\0005\000.\0002\0002\000.\0004\000.\0004\000\040\000v\000\137\000n\000a\000m\000e}{subsection.5.22.4}% 386
\BOOKMARK [3][-]{subsubsection.5.22.4.5}{\376\377\0005\000.\0002\0002\000.\0004\000.\0005\000\040\000v\000\137\000n\000u\000l\000l}{subsection.5.22.4}% 387
\BOOKMARK [3][-]{subsubsection.5.22.4.6}{\376\377\0005\000.\0002\0002\000.\0004\000.\0006\000\040\000v\000\137\000t\000y\000p\000e}{subsection.5.22.4}% 388
\BOOKMARK [3][-]{subsubsection.5.22.4.7}{\376\377\0005\000.\0002\0002\000.\0004\000.\0007\000\040\000v\000\137\000v\000a\000l\000u\000e}{subsection.5.22.4}% 389
\BOOKMARK [1][-]{section.5.23}{\376\377\0005\000.\0002\0003\000\040\000R\000e\000f\000e\000r\000\352\000n\000c\000i\000a\000\040\000d\000a\000\040\000C\000l\000a\000s\000s\000e\000\040\000S\000p\000a\000r\000t\000a\000c\000u\000s\000.\000D\000a\000t\000a\000b\000a\000s\000e\000.\000P\000o\000s\000t\000g\000r\000e\000s\000q\000l}{chapter.5}% 390
\BOOKMARK [2][-]{subsection.5.23.1}{\376\377\0005\000.\0002\0003\000.\0001\000\040\000D\000e\000s\000c\000r\000i\000\347\000\343\000o\000\040\000D\000e\000t\000a\000l\000h\000a\000d\000a}{section.5.23}% 391
\BOOKMARK [2][-]{subsection.5.23.2}{\376\377\0005\000.\0002\0003\000.\0002\000\040\000C\000o\000n\000s\000t\000r\000u\000t\000o\000r\000e\000s\000\040\000\046\000\040\000D\000e\000s\000t\000r\000u\000t\000o\000r\000e\000s}{section.5.23}% 392
\BOOKMARK [3][-]{subsubsection.5.23.2.1}{\376\377\0005\000.\0002\0003\000.\0002\000.\0001\000\040\000P\000o\000s\000t\000g\000r\000e\000s\000q\000l}{subsection.5.23.2}% 393
\BOOKMARK [2][-]{subsection.5.23.3}{\376\377\0005\000.\0002\0003\000.\0003\000\040\000M\000\351\000t\000o\000d\000o\000s}{section.5.23}% 394
\BOOKMARK [3][-]{subsubsection.5.23.3.1}{\376\377\0005\000.\0002\0003\000.\0003\000.\0001\000\040\000C\000o\000n\000n\000e\000c\000t}{subsection.5.23.3}% 395
\BOOKMARK [3][-]{subsubsection.5.23.3.2}{\376\377\0005\000.\0002\0003\000.\0003\000.\0002\000\040\000D\000i\000s\000c\000o\000n\000n\000e\000c\000t}{subsection.5.23.3}% 396
\BOOKMARK [3][-]{subsubsection.5.23.3.3}{\376\377\0005\000.\0002\0003\000.\0003\000.\0003\000\040\000E\000x\000e\000c\000u\000t\000e}{subsection.5.23.3}% 397
\BOOKMARK [3][-]{subsubsection.5.23.3.4}{\376\377\0005\000.\0002\0003\000.\0003\000.\0004\000\040\000E\000x\000e\000c\000u\000t\000e\000S\000c\000a\000l\000a\000r}{subsection.5.23.3}% 398
\BOOKMARK [3][-]{subsubsection.5.23.3.5}{\376\377\0005\000.\0002\0003\000.\0003\000.\0005\000\040\000Q\000u\000e\000r\000y}{subsection.5.23.3}% 399
\BOOKMARK [3][-]{subsubsection.5.23.3.6}{\376\377\0005\000.\0002\0003\000.\0003\000.\0006\000\040\000Q\000u\000e\000r\000y}{subsection.5.23.3}% 400
\BOOKMARK [2][-]{subsection.5.23.4}{\376\377\0005\000.\0002\0003\000.\0004\000\040\000C\000a\000m\000p\000o\000s}{section.5.23}% 401
\BOOKMARK [3][-]{subsubsection.5.23.4.1}{\376\377\0005\000.\0002\0003\000.\0004\000.\0001\000\040\000v\000\137\000c\000o\000n\000n\000e\000c\000t\000i\000o\000n\000s\000t\000r\000i\000n\000g}{subsection.5.23.4}% 402
\BOOKMARK [1][-]{section.5.24}{\376\377\0005\000.\0002\0004\000\040\000R\000e\000f\000e\000r\000\352\000n\000c\000i\000a\000\040\000d\000a\000\040\000C\000l\000a\000s\000s\000e\000\040\000S\000p\000a\000r\000t\000a\000c\000u\000s\000.\000R\000e\000p\000o\000r\000t\000i\000n\000g\000.\000R\000e\000p\000o\000r\000t}{chapter.5}% 403
\BOOKMARK [2][-]{subsection.5.24.1}{\376\377\0005\000.\0002\0004\000.\0001\000\040\000D\000e\000s\000c\000r\000i\000\347\000\343\000o\000\040\000D\000e\000t\000a\000l\000h\000a\000d\000a}{section.5.24}% 404
\BOOKMARK [2][-]{subsection.5.24.2}{\376\377\0005\000.\0002\0004\000.\0002\000\040\000C\000o\000n\000s\000t\000r\000u\000t\000o\000r\000e\000s\000\040\000\046\000\040\000D\000e\000s\000t\000r\000u\000t\000o\000r\000e\000s}{section.5.24}% 405
\BOOKMARK [3][-]{subsubsection.5.24.2.1}{\376\377\0005\000.\0002\0004\000.\0002\000.\0001\000\040\000R\000e\000p\000o\000r\000t}{subsection.5.24.2}% 406
\BOOKMARK [3][-]{subsubsection.5.24.2.2}{\376\377\0005\000.\0002\0004\000.\0002\000.\0002\000\040\000R\000e\000p\000o\000r\000t}{subsection.5.24.2}% 407
\BOOKMARK [3][-]{subsubsection.5.24.2.3}{\376\377\0005\000.\0002\0004\000.\0002\000.\0003\000\040\000R\000e\000p\000o\000r\000t}{subsection.5.24.2}% 408
\BOOKMARK [2][-]{subsection.5.24.3}{\376\377\0005\000.\0002\0004\000.\0003\000\040\000M\000\351\000t\000o\000d\000o\000s}{section.5.24}% 409
\BOOKMARK [3][-]{subsubsection.5.24.3.1}{\376\377\0005\000.\0002\0004\000.\0003\000.\0001\000\040\000E\000x\000e\000c\000u\000t\000e}{subsection.5.24.3}% 410
\BOOKMARK [3][-]{subsubsection.5.24.3.2}{\376\377\0005\000.\0002\0004\000.\0003\000.\0002\000\040\000S\000a\000v\000e\000A\000s\000P\000D\000F}{subsection.5.24.3}% 411
\BOOKMARK [2][-]{subsection.5.24.4}{\376\377\0005\000.\0002\0004\000.\0004\000\040\000C\000a\000m\000p\000o\000s}{section.5.24}% 412
\BOOKMARK [3][-]{subsubsection.5.24.4.1}{\376\377\0005\000.\0002\0004\000.\0004\000.\0001\000\040\000v\000\137\000c\000m\000d}{subsection.5.24.4}% 413
\BOOKMARK [3][-]{subsubsection.5.24.4.2}{\376\377\0005\000.\0002\0004\000.\0004\000.\0002\000\040\000v\000\137\000f\000i\000e\000l\000d\000s}{subsection.5.24.4}% 414
\BOOKMARK [3][-]{subsubsection.5.24.4.3}{\376\377\0005\000.\0002\0004\000.\0004\000.\0003\000\040\000v\000\137\000f\000o\000o\000t\000e\000r}{subsection.5.24.4}% 415
\BOOKMARK [3][-]{subsubsection.5.24.4.4}{\376\377\0005\000.\0002\0004\000.\0004\000.\0004\000\040\000v\000\137\000g\000r\000o\000u\000p\000s}{subsection.5.24.4}% 416
\BOOKMARK [3][-]{subsubsection.5.24.4.5}{\376\377\0005\000.\0002\0004\000.\0004\000.\0005\000\040\000v\000\137\000h\000e\000a\000d\000e\000r}{subsection.5.24.4}% 417
\BOOKMARK [3][-]{subsubsection.5.24.4.6}{\376\377\0005\000.\0002\0004\000.\0004\000.\0006\000\040\000v\000\137\000r\000e\000p\000o\000r\000t\000i\000d}{subsection.5.24.4}% 418
\BOOKMARK [3][-]{subsubsection.5.24.4.7}{\376\377\0005\000.\0002\0004\000.\0004\000.\0007\000\040\000v\000\137\000s\000e\000t\000t\000i\000n\000g\000s}{subsection.5.24.4}% 419
\BOOKMARK [3][-]{subsubsection.5.24.4.8}{\376\377\0005\000.\0002\0004\000.\0004\000.\0008\000\040\000v\000\137\000t\000a\000b\000l\000e}{subsection.5.24.4}% 420
\BOOKMARK [1][-]{section.5.25}{\376\377\0005\000.\0002\0005\000\040\000R\000e\000f\000e\000r\000\352\000n\000c\000i\000a\000\040\000d\000a\000\040\000C\000l\000a\000s\000s\000e\000\040\000S\000p\000a\000r\000t\000a\000c\000u\000s\000.\000R\000e\000p\000o\000r\000t\000i\000n\000g\000.\000S\000e\000t\000t\000i\000n\000g\000s}{chapter.5}% 421
\BOOKMARK [2][-]{subsection.5.25.1}{\376\377\0005\000.\0002\0005\000.\0001\000\040\000D\000e\000s\000c\000r\000i\000\347\000\343\000o\000\040\000D\000e\000t\000a\000l\000h\000a\000d\000a}{section.5.25}% 422
\BOOKMARK [2][-]{subsection.5.25.2}{\376\377\0005\000.\0002\0005\000.\0002\000\040\000C\000o\000n\000s\000t\000r\000u\000t\000o\000r\000e\000s\000\040\000\046\000\040\000D\000e\000s\000t\000r\000u\000t\000o\000r\000e\000s}{section.5.25}% 423
\BOOKMARK [3][-]{subsubsection.5.25.2.1}{\376\377\0005\000.\0002\0005\000.\0002\000.\0001\000\040\000S\000e\000t\000t\000i\000n\000g\000s}{subsection.5.25.2}% 424
\BOOKMARK [2][-]{subsection.5.25.3}{\376\377\0005\000.\0002\0005\000.\0003\000\040\000M\000\351\000t\000o\000d\000o\000s}{section.5.25}% 425
\BOOKMARK [3][-]{subsubsection.5.25.3.1}{\376\377\0005\000.\0002\0005\000.\0003\000.\0001\000\040\000G\000e\000t\000C\000o\000l\000o\000r}{subsection.5.25.3}% 426
\BOOKMARK [3][-]{subsubsection.5.25.3.2}{\376\377\0005\000.\0002\0005\000.\0003\000.\0002\000\040\000S\000e\000t\000M\000a\000r\000g\000i\000n}{subsection.5.25.3}% 427
\BOOKMARK [2][-]{subsection.5.25.4}{\376\377\0005\000.\0002\0005\000.\0004\000\040\000C\000a\000m\000p\000o\000s}{section.5.25}% 428
\BOOKMARK [3][-]{subsubsection.5.25.4.1}{\376\377\0005\000.\0002\0005\000.\0004\000.\0001\000\040\000v\000\137\000b\000o\000t\000t\000o\000m\000m\000a\000r\000g\000i\000n}{subsection.5.25.4}% 429
\BOOKMARK [3][-]{subsubsection.5.25.4.2}{\376\377\0005\000.\0002\0005\000.\0004\000.\0002\000\040\000v\000\137\000d\000a\000t\000a\000f\000i\000e\000l\000d\000b\000o\000r\000d\000e\000r}{subsection.5.25.4}% 430
\BOOKMARK [3][-]{subsubsection.5.25.4.3}{\376\377\0005\000.\0002\0005\000.\0004\000.\0003\000\040\000v\000\137\000d\000a\000t\000a\000f\000i\000e\000l\000d\000e\000v\000e\000n\000c\000o\000l\000o\000r}{subsection.5.25.4}% 431
\BOOKMARK [3][-]{subsubsection.5.25.4.4}{\376\377\0005\000.\0002\0005\000.\0004\000.\0004\000\040\000v\000\137\000d\000a\000t\000a\000f\000i\000e\000l\000d\000f\000o\000n\000t}{subsection.5.25.4}% 432
\BOOKMARK [3][-]{subsubsection.5.25.4.5}{\376\377\0005\000.\0002\0005\000.\0004\000.\0005\000\040\000v\000\137\000d\000a\000t\000a\000f\000i\000e\000l\000d\000o\000d\000d\000c\000o\000l\000o\000r}{subsection.5.25.4}% 433
\BOOKMARK [3][-]{subsubsection.5.25.4.6}{\376\377\0005\000.\0002\0005\000.\0004\000.\0006\000\040\000v\000\137\000d\000a\000t\000a\000h\000e\000a\000d\000e\000r\000b\000o\000r\000d\000e\000r}{subsection.5.25.4}% 434
\BOOKMARK [3][-]{subsubsection.5.25.4.7}{\376\377\0005\000.\0002\0005\000.\0004\000.\0007\000\040\000v\000\137\000d\000a\000t\000a\000h\000e\000a\000d\000e\000r\000c\000o\000l\000o\000r}{subsection.5.25.4}% 435
\BOOKMARK [3][-]{subsubsection.5.25.4.8}{\376\377\0005\000.\0002\0005\000.\0004\000.\0008\000\040\000v\000\137\000d\000a\000t\000a\000h\000e\000a\000d\000e\000r\000f\000o\000n\000t}{subsection.5.25.4}% 436
\BOOKMARK [3][-]{subsubsection.5.25.4.9}{\376\377\0005\000.\0002\0005\000.\0004\000.\0009\000\040\000v\000\137\000g\000r\000o\000u\000p\000f\000o\000o\000t\000e\000r\000b\000o\000r\000d\000e\000r}{subsection.5.25.4}% 437
\BOOKMARK [3][-]{subsubsection.5.25.4.10}{\376\377\0005\000.\0002\0005\000.\0004\000.\0001\0000\000\040\000v\000\137\000g\000r\000o\000u\000p\000f\000o\000o\000t\000e\000r\000c\000o\000l\000o\000r}{subsection.5.25.4}% 438
\BOOKMARK [3][-]{subsubsection.5.25.4.11}{\376\377\0005\000.\0002\0005\000.\0004\000.\0001\0001\000\040\000v\000\137\000g\000r\000o\000u\000p\000f\000o\000o\000t\000e\000r\000f\000o\000n\000t}{subsection.5.25.4}% 439
\BOOKMARK [3][-]{subsubsection.5.25.4.12}{\376\377\0005\000.\0002\0005\000.\0004\000.\0001\0002\000\040\000v\000\137\000g\000r\000o\000u\000p\000h\000e\000a\000d\000e\000r\000b\000o\000r\000d\000e\000r}{subsection.5.25.4}% 440
\BOOKMARK [3][-]{subsubsection.5.25.4.13}{\376\377\0005\000.\0002\0005\000.\0004\000.\0001\0003\000\040\000v\000\137\000g\000r\000o\000u\000p\000h\000e\000a\000d\000e\000r\000c\000o\000l\000o\000r}{subsection.5.25.4}% 441
\BOOKMARK [3][-]{subsubsection.5.25.4.14}{\376\377\0005\000.\0002\0005\000.\0004\000.\0001\0004\000\040\000v\000\137\000g\000r\000o\000u\000p\000h\000e\000a\000d\000e\000r\000f\000o\000n\000t}{subsection.5.25.4}% 442
\BOOKMARK [3][-]{subsubsection.5.25.4.15}{\376\377\0005\000.\0002\0005\000.\0004\000.\0001\0005\000\040\000v\000\137\000l\000a\000y\000o\000u\000t}{subsection.5.25.4}% 443
\BOOKMARK [3][-]{subsubsection.5.25.4.16}{\376\377\0005\000.\0002\0005\000.\0004\000.\0001\0006\000\040\000v\000\137\000l\000e\000f\000t\000m\000a\000r\000g\000i\000n}{subsection.5.25.4}% 444
\BOOKMARK [3][-]{subsubsection.5.25.4.17}{\376\377\0005\000.\0002\0005\000.\0004\000.\0001\0007\000\040\000v\000\137\000r\000e\000p\000o\000r\000t\000f\000o\000o\000t\000e\000r\000f\000o\000n\000t}{subsection.5.25.4}% 445
\BOOKMARK [3][-]{subsubsection.5.25.4.18}{\376\377\0005\000.\0002\0005\000.\0004\000.\0001\0008\000\040\000v\000\137\000r\000e\000p\000o\000r\000t\000h\000e\000a\000d\000e\000r\000f\000o\000n\000t}{subsection.5.25.4}% 446
\BOOKMARK [3][-]{subsubsection.5.25.4.19}{\376\377\0005\000.\0002\0005\000.\0004\000.\0001\0009\000\040\000v\000\137\000r\000i\000g\000h\000t\000m\000a\000r\000g\000i\000n}{subsection.5.25.4}% 447
\BOOKMARK [3][-]{subsubsection.5.25.4.20}{\376\377\0005\000.\0002\0005\000.\0004\000.\0002\0000\000\040\000v\000\137\000t\000o\000p\000m\000a\000r\000g\000i\000n}{subsection.5.25.4}% 448
\BOOKMARK [1][-]{section.5.26}{\376\377\0005\000.\0002\0006\000\040\000R\000e\000f\000e\000r\000\352\000n\000c\000i\000a\000\040\000d\000a\000\040\000C\000l\000a\000s\000s\000e\000\040\000S\000p\000a\000r\000t\000a\000c\000u\000s\000.\000D\000a\000t\000a\000b\000a\000s\000e\000.\000S\000q\000l\000i\000t\000e}{chapter.5}% 449
\BOOKMARK [2][-]{subsection.5.26.1}{\376\377\0005\000.\0002\0006\000.\0001\000\040\000D\000e\000s\000c\000r\000i\000\347\000\343\000o\000\040\000D\000e\000t\000a\000l\000h\000a\000d\000a}{section.5.26}% 450
\BOOKMARK [2][-]{subsection.5.26.2}{\376\377\0005\000.\0002\0006\000.\0002\000\040\000C\000o\000n\000s\000t\000r\000u\000t\000o\000r\000e\000s\000\040\000\046\000\040\000D\000e\000s\000t\000r\000u\000t\000o\000r\000e\000s}{section.5.26}% 451
\BOOKMARK [3][-]{subsubsection.5.26.2.1}{\376\377\0005\000.\0002\0006\000.\0002\000.\0001\000\040\000S\000q\000l\000i\000t\000e}{subsection.5.26.2}% 452
\BOOKMARK [2][-]{subsection.5.26.3}{\376\377\0005\000.\0002\0006\000.\0003\000\040\000M\000\351\000t\000o\000d\000o\000s}{section.5.26}% 453
\BOOKMARK [3][-]{subsubsection.5.26.3.1}{\376\377\0005\000.\0002\0006\000.\0003\000.\0001\000\040\000C\000o\000n\000n\000e\000c\000t}{subsection.5.26.3}% 454
\BOOKMARK [3][-]{subsubsection.5.26.3.2}{\376\377\0005\000.\0002\0006\000.\0003\000.\0002\000\040\000D\000i\000s\000c\000o\000n\000n\000e\000c\000t}{subsection.5.26.3}% 455
\BOOKMARK [3][-]{subsubsection.5.26.3.3}{\376\377\0005\000.\0002\0006\000.\0003\000.\0003\000\040\000E\000x\000e\000c\000u\000t\000e}{subsection.5.26.3}% 456
\BOOKMARK [3][-]{subsubsection.5.26.3.4}{\376\377\0005\000.\0002\0006\000.\0003\000.\0004\000\040\000E\000x\000e\000c\000u\000t\000e\000S\000c\000a\000l\000a\000r}{subsection.5.26.3}% 457
\BOOKMARK [3][-]{subsubsection.5.26.3.5}{\376\377\0005\000.\0002\0006\000.\0003\000.\0005\000\040\000Q\000u\000e\000r\000y}{subsection.5.26.3}% 458
\BOOKMARK [3][-]{subsubsection.5.26.3.6}{\376\377\0005\000.\0002\0006\000.\0003\000.\0006\000\040\000Q\000u\000e\000r\000y}{subsection.5.26.3}% 459
\BOOKMARK [2][-]{subsection.5.26.4}{\376\377\0005\000.\0002\0006\000.\0004\000\040\000C\000a\000m\000p\000o\000s}{section.5.26}% 460
\BOOKMARK [3][-]{subsubsection.5.26.4.1}{\376\377\0005\000.\0002\0006\000.\0004\000.\0001\000\040\000v\000\137\000c\000o\000n\000n\000e\000c\000t\000i\000o\000n\000s\000t\000r\000i\000n\000g}{subsection.5.26.4}% 461
\BOOKMARK [1][-]{section.5.27}{\376\377\0005\000.\0002\0007\000\040\000R\000e\000f\000e\000r\000\352\000n\000c\000i\000a\000\040\000d\000a\000\040\000C\000l\000a\000s\000s\000e\000\040\000S\000p\000a\000r\000t\000a\000c\000u\000s\000.\000U\000t\000i\000l\000s\000.\000S\000y\000n\000c\000h\000r\000o\000n\000i\000z\000e\000r}{chapter.5}% 462
\BOOKMARK [2][-]{subsection.5.27.1}{\376\377\0005\000.\0002\0007\000.\0001\000\040\000D\000e\000s\000c\000r\000i\000\347\000\343\000o\000\040\000D\000e\000t\000a\000l\000h\000a\000d\000a}{section.5.27}% 463
\BOOKMARK [2][-]{subsection.5.27.2}{\376\377\0005\000.\0002\0007\000.\0002\000\040\000C\000o\000n\000s\000t\000r\000u\000t\000o\000r\000e\000s\000\040\000\046\000\040\000D\000e\000s\000t\000r\000u\000t\000o\000r\000e\000s}{section.5.27}% 464
\BOOKMARK [3][-]{subsubsection.5.27.2.1}{\376\377\0005\000.\0002\0007\000.\0002\000.\0001\000\040\000S\000y\000n\000c\000h\000r\000o\000n\000i\000z\000e\000r}{subsection.5.27.2}% 465
\BOOKMARK [2][-]{subsection.5.27.3}{\376\377\0005\000.\0002\0007\000.\0003\000\040\000M\000\351\000t\000o\000d\000o\000s}{section.5.27}% 466
\BOOKMARK [3][-]{subsubsection.5.27.3.1}{\376\377\0005\000.\0002\0007\000.\0003\000.\0001\000\040\000E\000x\000e\000c\000u\000t\000e}{subsection.5.27.3}% 467
\BOOKMARK [0][-]{section*.63}{\376\377\000\315\000n\000d\000i\000c\000e}{}% 468
